<?xml version="1.0" encoding="UTF-8" ?>
<testsuite errors="619" failures="0" hostname="gleison-Inspiron-5448" name="RandoopTest" tests="619" time="0.65" timestamp="2017-04-20T00:23:34">
  <properties>
[...]
</properties>
  <testcase classname="RandoopTest0" name="test4" time="0.009">
    <error message="Expecting a stackmap frame at branch target 11
Exception Details:
  Location:
    A.k(J)I @4: ifnonnull
  Reason:
    Expected stackmap frame at this location.
  Bytecode:
    0x0000000: b200 1859 c700 0757 b800 2204 324e 100a
    0x0000010: 2d03 0454 ac                           
" type="java.lang.VerifyError">java.lang.VerifyError: Expecting a stackmap frame at branch target 11
Exception Details:
  Location:
    A.k(J)I @4: ifnonnull
  Reason:
    Expected stackmap frame at this location.
  Bytecode:
    0x0000000: b200 1859 c700 0757 b800 2204 324e 100a
    0x0000010: 2d03 0454 ac                           

	at RandoopTest0.test4(RandoopTest0.java:92)
</error>
  </testcase>
  <testcase classname="RandoopTest0" name="test5" time="0.002">
    <error message="Expecting a stackmap frame at branch target 11
Exception Details:
  Location:
    A.k(J)I @4: ifnonnull
  Reason:
    Expected stackmap frame at this location.
  Bytecode:
    0x0000000: b200 1859 c700 0757 b800 2204 324e 100a
    0x0000010: 2d03 0454 ac                           
" type="java.lang.VerifyError">java.lang.VerifyError: Expecting a stackmap frame at branch target 11
Exception Details:
  Location:
    A.k(J)I @4: ifnonnull
  Reason:
    Expected stackmap frame at this location.
  Bytecode:
    0x0000000: b200 1859 c700 0757 b800 2204 324e 100a
    0x0000010: 2d03 0454 ac                           

	at RandoopTest0.test5(RandoopTest0.java:137)
</error>
  </testcase>
  <testcase classname="RandoopTest0" name="test6" time="0.001">
    <error message="Expecting a stackmap frame at branch target 11
Exception Details:
  Location:
    A.k(J)I @4: ifnonnull
  Reason:
    Expected stackmap frame at this location.
  Bytecode:
    0x0000000: b200 1859 c700 0757 b800 2204 324e 100a
    0x0000010: 2d03 0454 ac                           
" type="java.lang.VerifyError">java.lang.VerifyError: Expecting a stackmap frame at branch target 11
Exception Details:
  Location:
    A.k(J)I @4: ifnonnull
  Reason:
    Expected stackmap frame at this location.
  Bytecode:
    0x0000000: b200 1859 c700 0757 b800 2204 324e 100a
    0x0000010: 2d03 0454 ac                           

	at RandoopTest0.test6(RandoopTest0.java:158)
</error>
  </testcase>
  <testcase classname="RandoopTest0" name="test7" time="0.002">
    <error message="Expecting a stackmap frame at branch target 11
Exception Details:
  Location:
    A.k(J)I @4: ifnonnull
  Reason:
    Expected stackmap frame at this location.
  Bytecode:
    0x0000000: b200 1859 c700 0757 b800 2204 324e 100a
    0x0000010: 2d03 0454 ac                           
" type="java.lang.VerifyError">java.lang.VerifyError: Expecting a stackmap frame at branch target 11
Exception Details:
  Location:
    A.k(J)I @4: ifnonnull
  Reason:
    Expected stackmap frame at this location.
  Bytecode:
    0x0000000: b200 1859 c700 0757 b800 2204 324e 100a
    0x0000010: 2d03 0454 ac                           

	at RandoopTest0.test7(RandoopTest0.java:187)
</error>
  </testcase>
  <testcase classname="RandoopTest0" name="test8" time="0.001">
    <error message="Expecting a stackmap frame at branch target 11
Exception Details:
  Location:
    A.k(J)I @4: ifnonnull
  Reason:
    Expected stackmap frame at this location.
  Bytecode:
    0x0000000: b200 1859 c700 0757 b800 2204 324e 100a
    0x0000010: 2d03 0454 ac                           
" type="java.lang.VerifyError">java.lang.VerifyError: Expecting a stackmap frame at branch target 11
Exception Details:
  Location:
    A.k(J)I @4: ifnonnull
  Reason:
    Expected stackmap frame at this location.
  Bytecode:
    0x0000000: b200 1859 c700 0757 b800 2204 324e 100a
    0x0000010: 2d03 0454 ac                           

	at RandoopTest0.test8(RandoopTest0.java:244)
</error>
  </testcase>
  <testcase classname="RandoopTest0" name="test9" time="0.001">
    <error message="Expecting a stackmap frame at branch target 11
Exception Details:
  Location:
    A.k(J)I @4: ifnonnull
  Reason:
    Expected stackmap frame at this location.
  Bytecode:
    0x0000000: b200 1859 c700 0757 b800 2204 324e 100a
    0x0000010: 2d03 0454 ac                           
" type="java.lang.VerifyError">java.lang.VerifyError: Expecting a stackmap frame at branch target 11
Exception Details:
  Location:
    A.k(J)I @4: ifnonnull
  Reason:
    Expected stackmap frame at this location.
  Bytecode:
    0x0000000: b200 1859 c700 0757 b800 2204 324e 100a
    0x0000010: 2d03 0454 ac                           

	at RandoopTest0.test9(RandoopTest0.java:301)
</error>
  </testcase>
  <testcase classname="RandoopTest0" name="test10" time="0.001">
    <error message="Expecting a stackmap frame at branch target 11
Exception Details:
  Location:
    A.k(J)I @4: ifnonnull
  Reason:
    Expected stackmap frame at this location.
  Bytecode:
    0x0000000: b200 1859 c700 0757 b800 2204 324e 100a
    0x0000010: 2d03 0454 ac                           
" type="java.lang.VerifyError">java.lang.VerifyError: Expecting a stackmap frame at branch target 11
Exception Details:
  Location:
    A.k(J)I @4: ifnonnull
  Reason:
    Expected stackmap frame at this location.
  Bytecode:
    0x0000000: b200 1859 c700 0757 b800 2204 324e 100a
    0x0000010: 2d03 0454 ac                           

	at RandoopTest0.test10(RandoopTest0.java:334)
</error>
  </testcase>
  <testcase classname="RandoopTest0" name="test59" time="0.001">
    <error message="Expecting a stackmap frame at branch target 11
Exception Details:
  Location:
    A.k(J)I @4: ifnonnull
  Reason:
    Expected stackmap frame at this location.
  Bytecode:
    0x0000000: b200 1859 c700 0757 b800 2204 324e 100a
    0x0000010: 2d03 0454 ac                           
" type="java.lang.VerifyError">java.lang.VerifyError: Expecting a stackmap frame at branch target 11
Exception Details:
  Location:
    A.k(J)I @4: ifnonnull
  Reason:
    Expected stackmap frame at this location.
  Bytecode:
    0x0000000: b200 1859 c700 0757 b800 2204 324e 100a
    0x0000010: 2d03 0454 ac                           

	at RandoopTest0.test59(RandoopTest0.java:2295)
</error>
  </testcase>
  <testcase classname="RandoopTest0" name="test60" time="0.001">
    <error message="Expecting a stackmap frame at branch target 11
Exception Details:
  Location:
    A.k(J)I @4: ifnonnull
  Reason:
    Expected stackmap frame at this location.
  Bytecode:
    0x0000000: b200 1859 c700 0757 b800 2204 324e 100a
    0x0000010: 2d03 0454 ac                           
" type="java.lang.VerifyError">java.lang.VerifyError: Expecting a stackmap frame at branch target 11
Exception Details:
  Location:
    A.k(J)I @4: ifnonnull
  Reason:
    Expected stackmap frame at this location.
  Bytecode:
    0x0000000: b200 1859 c700 0757 b800 2204 324e 100a
    0x0000010: 2d03 0454 ac                           

	at RandoopTest0.test60(RandoopTest0.java:2324)
</error>
  </testcase>
  <testcase classname="RandoopTest0" name="test61" time="0.002">
    <error message="Expecting a stackmap frame at branch target 11
Exception Details:
  Location:
    A.k(J)I @4: ifnonnull
  Reason:
    Expected stackmap frame at this location.
  Bytecode:
    0x0000000: b200 1859 c700 0757 b800 2204 324e 100a
    0x0000010: 2d03 0454 ac                           
" type="java.lang.VerifyError">java.lang.VerifyError: Expecting a stackmap frame at branch target 11
Exception Details:
  Location:
    A.k(J)I @4: ifnonnull
  Reason:
    Expected stackmap frame at this location.
  Bytecode:
    0x0000000: b200 1859 c700 0757 b800 2204 324e 100a
    0x0000010: 2d03 0454 ac                           

	at RandoopTest0.test61(RandoopTest0.java:2357)
</error>
  </testcase>
  <testcase classname="RandoopTest0" name="test62" time="0.001">
    <error message="Expecting a stackmap frame at branch target 11
Exception Details:
  Location:
    A.k(J)I @4: ifnonnull
  Reason:
    Expected stackmap frame at this location.
  Bytecode:
    0x0000000: b200 1859 c700 0757 b800 2204 324e 100a
    0x0000010: 2d03 0454 ac                           
" type="java.lang.VerifyError">java.lang.VerifyError: Expecting a stackmap frame at branch target 11
Exception Details:
  Location:
    A.k(J)I @4: ifnonnull
  Reason:
    Expected stackmap frame at this location.
  Bytecode:
    0x0000000: b200 1859 c700 0757 b800 2204 324e 100a
    0x0000010: 2d03 0454 ac                           

	at RandoopTest0.test62(RandoopTest0.java:2410)
</error>
  </testcase>
  <testcase classname="RandoopTest0" name="test63" time="0.001">
    <error message="Expecting a stackmap frame at branch target 11
Exception Details:
  Location:
    A.k(J)I @4: ifnonnull
  Reason:
    Expected stackmap frame at this location.
  Bytecode:
    0x0000000: b200 1859 c700 0757 b800 2204 324e 100a
    0x0000010: 2d03 0454 ac                           
" type="java.lang.VerifyError">java.lang.VerifyError: Expecting a stackmap frame at branch target 11
Exception Details:
  Location:
    A.k(J)I @4: ifnonnull
  Reason:
    Expected stackmap frame at this location.
  Bytecode:
    0x0000000: b200 1859 c700 0757 b800 2204 324e 100a
    0x0000010: 2d03 0454 ac                           

	at RandoopTest0.test63(RandoopTest0.java:2451)
</error>
  </testcase>
  <testcase classname="RandoopTest0" name="test64" time="0.001">
    <error message="Expecting a stackmap frame at branch target 11
Exception Details:
  Location:
    A.k(J)I @4: ifnonnull
  Reason:
    Expected stackmap frame at this location.
  Bytecode:
    0x0000000: b200 1859 c700 0757 b800 2204 324e 100a
    0x0000010: 2d03 0454 ac                           
" type="java.lang.VerifyError">java.lang.VerifyError: Expecting a stackmap frame at branch target 11
Exception Details:
  Location:
    A.k(J)I @4: ifnonnull
  Reason:
    Expected stackmap frame at this location.
  Bytecode:
    0x0000000: b200 1859 c700 0757 b800 2204 324e 100a
    0x0000010: 2d03 0454 ac                           

	at RandoopTest0.test64(RandoopTest0.java:2500)
</error>
  </testcase>
  <testcase classname="RandoopTest0" name="test65" time="0.001">
    <error message="Expecting a stackmap frame at branch target 11
Exception Details:
  Location:
    A.k(J)I @4: ifnonnull
  Reason:
    Expected stackmap frame at this location.
  Bytecode:
    0x0000000: b200 1859 c700 0757 b800 2204 324e 100a
    0x0000010: 2d03 0454 ac                           
" type="java.lang.VerifyError">java.lang.VerifyError: Expecting a stackmap frame at branch target 11
Exception Details:
  Location:
    A.k(J)I @4: ifnonnull
  Reason:
    Expected stackmap frame at this location.
  Bytecode:
    0x0000000: b200 1859 c700 0757 b800 2204 324e 100a
    0x0000010: 2d03 0454 ac                           

	at RandoopTest0.test65(RandoopTest0.java:2549)
</error>
  </testcase>
  <testcase classname="RandoopTest0" name="test66" time="0.001">
    <error message="Expecting a stackmap frame at branch target 11
Exception Details:
  Location:
    A.k(J)I @4: ifnonnull
  Reason:
    Expected stackmap frame at this location.
  Bytecode:
    0x0000000: b200 1859 c700 0757 b800 2204 324e 100a
    0x0000010: 2d03 0454 ac                           
" type="java.lang.VerifyError">java.lang.VerifyError: Expecting a stackmap frame at branch target 11
Exception Details:
  Location:
    A.k(J)I @4: ifnonnull
  Reason:
    Expected stackmap frame at this location.
  Bytecode:
    0x0000000: b200 1859 c700 0757 b800 2204 324e 100a
    0x0000010: 2d03 0454 ac                           

	at RandoopTest0.test66(RandoopTest0.java:2582)
</error>
  </testcase>
  <testcase classname="RandoopTest0" name="test67" time="0.001">
    <error message="Expecting a stackmap frame at branch target 11
Exception Details:
  Location:
    A.k(J)I @4: ifnonnull
  Reason:
    Expected stackmap frame at this location.
  Bytecode:
    0x0000000: b200 1859 c700 0757 b800 2204 324e 100a
    0x0000010: 2d03 0454 ac                           
" type="java.lang.VerifyError">java.lang.VerifyError: Expecting a stackmap frame at branch target 11
Exception Details:
  Location:
    A.k(J)I @4: ifnonnull
  Reason:
    Expected stackmap frame at this location.
  Bytecode:
    0x0000000: b200 1859 c700 0757 b800 2204 324e 100a
    0x0000010: 2d03 0454 ac                           

	at RandoopTest0.test67(RandoopTest0.java:2623)
</error>
  </testcase>
  <testcase classname="RandoopTest0" name="test68" time="0.001">
    <error message="Expecting a stackmap frame at branch target 11
Exception Details:
  Location:
    A.k(J)I @4: ifnonnull
  Reason:
    Expected stackmap frame at this location.
  Bytecode:
    0x0000000: b200 1859 c700 0757 b800 2204 324e 100a
    0x0000010: 2d03 0454 ac                           
" type="java.lang.VerifyError">java.lang.VerifyError: Expecting a stackmap frame at branch target 11
Exception Details:
  Location:
    A.k(J)I @4: ifnonnull
  Reason:
    Expected stackmap frame at this location.
  Bytecode:
    0x0000000: b200 1859 c700 0757 b800 2204 324e 100a
    0x0000010: 2d03 0454 ac                           

	at RandoopTest0.test68(RandoopTest0.java:2668)
</error>
  </testcase>
  <testcase classname="RandoopTest0" name="test69" time="0.001">
    <error message="Expecting a stackmap frame at branch target 11
Exception Details:
  Location:
    A.k(J)I @4: ifnonnull
  Reason:
    Expected stackmap frame at this location.
  Bytecode:
    0x0000000: b200 1859 c700 0757 b800 2204 324e 100a
    0x0000010: 2d03 0454 ac                           
" type="java.lang.VerifyError">java.lang.VerifyError: Expecting a stackmap frame at branch target 11
Exception Details:
  Location:
    A.k(J)I @4: ifnonnull
  Reason:
    Expected stackmap frame at this location.
  Bytecode:
    0x0000000: b200 1859 c700 0757 b800 2204 324e 100a
    0x0000010: 2d03 0454 ac                           

	at RandoopTest0.test69(RandoopTest0.java:2721)
</error>
  </testcase>
  <testcase classname="RandoopTest0" name="test70" time="0.001">
    <error message="Expecting a stackmap frame at branch target 11
Exception Details:
  Location:
    A.k(J)I @4: ifnonnull
  Reason:
    Expected stackmap frame at this location.
  Bytecode:
    0x0000000: b200 1859 c700 0757 b800 2204 324e 100a
    0x0000010: 2d03 0454 ac                           
" type="java.lang.VerifyError">java.lang.VerifyError: Expecting a stackmap frame at branch target 11
Exception Details:
  Location:
    A.k(J)I @4: ifnonnull
  Reason:
    Expected stackmap frame at this location.
  Bytecode:
    0x0000000: b200 1859 c700 0757 b800 2204 324e 100a
    0x0000010: 2d03 0454 ac                           

	at RandoopTest0.test70(RandoopTest0.java:2746)
</error>
  </testcase>
  <testcase classname="RandoopTest0" name="test71" time="0.001">
    <error message="Expecting a stackmap frame at branch target 11
Exception Details:
  Location:
    A.k(J)I @4: ifnonnull
  Reason:
    Expected stackmap frame at this location.
  Bytecode:
    0x0000000: b200 1859 c700 0757 b800 2204 324e 100a
    0x0000010: 2d03 0454 ac                           
" type="java.lang.VerifyError">java.lang.VerifyError: Expecting a stackmap frame at branch target 11
Exception Details:
  Location:
    A.k(J)I @4: ifnonnull
  Reason:
    Expected stackmap frame at this location.
  Bytecode:
    0x0000000: b200 1859 c700 0757 b800 2204 324e 100a
    0x0000010: 2d03 0454 ac                           

	at RandoopTest0.test71(RandoopTest0.java:2799)
</error>
  </testcase>
  <testcase classname="RandoopTest0" name="test72" time="0.0">
    <error message="Expecting a stackmap frame at branch target 11
Exception Details:
  Location:
    A.k(J)I @4: ifnonnull
  Reason:
    Expected stackmap frame at this location.
  Bytecode:
    0x0000000: b200 1859 c700 0757 b800 2204 324e 100a
    0x0000010: 2d03 0454 ac                           
" type="java.lang.VerifyError">java.lang.VerifyError: Expecting a stackmap frame at branch target 11
Exception Details:
  Location:
    A.k(J)I @4: ifnonnull
  Reason:
    Expected stackmap frame at this location.
  Bytecode:
    0x0000000: b200 1859 c700 0757 b800 2204 324e 100a
    0x0000010: 2d03 0454 ac                           

	at RandoopTest0.test72(RandoopTest0.java:2852)
</error>
  </testcase>
  <testcase classname="RandoopTest0" name="test73" time="0.001">
    <error message="Expecting a stackmap frame at branch target 11
Exception Details:
  Location:
    A.k(J)I @4: ifnonnull
  Reason:
    Expected stackmap frame at this location.
  Bytecode:
    0x0000000: b200 1859 c700 0757 b800 2204 324e 100a
    0x0000010: 2d03 0454 ac                           
" type="java.lang.VerifyError">java.lang.VerifyError: Expecting a stackmap frame at branch target 11
Exception Details:
  Location:
    A.k(J)I @4: ifnonnull
  Reason:
    Expected stackmap frame at this location.
  Bytecode:
    0x0000000: b200 1859 c700 0757 b800 2204 324e 100a
    0x0000010: 2d03 0454 ac                           

	at RandoopTest0.test73(RandoopTest0.java:2897)
</error>
  </testcase>
  <testcase classname="RandoopTest0" name="test74" time="0.001">
    <error message="Expecting a stackmap frame at branch target 11
Exception Details:
  Location:
    A.k(J)I @4: ifnonnull
  Reason:
    Expected stackmap frame at this location.
  Bytecode:
    0x0000000: b200 1859 c700 0757 b800 2204 324e 100a
    0x0000010: 2d03 0454 ac                           
" type="java.lang.VerifyError">java.lang.VerifyError: Expecting a stackmap frame at branch target 11
Exception Details:
  Location:
    A.k(J)I @4: ifnonnull
  Reason:
    Expected stackmap frame at this location.
  Bytecode:
    0x0000000: b200 1859 c700 0757 b800 2204 324e 100a
    0x0000010: 2d03 0454 ac                           

	at RandoopTest0.test74(RandoopTest0.java:2926)
</error>
  </testcase>
  <testcase classname="RandoopTest0" name="test75" time="0.001">
    <error message="Expecting a stackmap frame at branch target 11
Exception Details:
  Location:
    A.k(J)I @4: ifnonnull
  Reason:
    Expected stackmap frame at this location.
  Bytecode:
    0x0000000: b200 1859 c700 0757 b800 2204 324e 100a
    0x0000010: 2d03 0454 ac                           
" type="java.lang.VerifyError">java.lang.VerifyError: Expecting a stackmap frame at branch target 11
Exception Details:
  Location:
    A.k(J)I @4: ifnonnull
  Reason:
    Expected stackmap frame at this location.
  Bytecode:
    0x0000000: b200 1859 c700 0757 b800 2204 324e 100a
    0x0000010: 2d03 0454 ac                           

	at RandoopTest0.test75(RandoopTest0.java:2987)
</error>
  </testcase>
  <testcase classname="RandoopTest0" name="test76" time="0.001">
    <error message="Expecting a stackmap frame at branch target 11
Exception Details:
  Location:
    A.k(J)I @4: ifnonnull
  Reason:
    Expected stackmap frame at this location.
  Bytecode:
    0x0000000: b200 1859 c700 0757 b800 2204 324e 100a
    0x0000010: 2d03 0454 ac                           
" type="java.lang.VerifyError">java.lang.VerifyError: Expecting a stackmap frame at branch target 11
Exception Details:
  Location:
    A.k(J)I @4: ifnonnull
  Reason:
    Expected stackmap frame at this location.
  Bytecode:
    0x0000000: b200 1859 c700 0757 b800 2204 324e 100a
    0x0000010: 2d03 0454 ac                           

	at RandoopTest0.test76(RandoopTest0.java:3016)
</error>
  </testcase>
  <testcase classname="RandoopTest0" name="test77" time="0.001">
    <error message="Expecting a stackmap frame at branch target 11
Exception Details:
  Location:
    A.k(J)I @4: ifnonnull
  Reason:
    Expected stackmap frame at this location.
  Bytecode:
    0x0000000: b200 1859 c700 0757 b800 2204 324e 100a
    0x0000010: 2d03 0454 ac                           
" type="java.lang.VerifyError">java.lang.VerifyError: Expecting a stackmap frame at branch target 11
Exception Details:
  Location:
    A.k(J)I @4: ifnonnull
  Reason:
    Expected stackmap frame at this location.
  Bytecode:
    0x0000000: b200 1859 c700 0757 b800 2204 324e 100a
    0x0000010: 2d03 0454 ac                           

	at RandoopTest0.test77(RandoopTest0.java:3057)
</error>
  </testcase>
  <testcase classname="RandoopTest0" name="test78" time="0.001">
    <error message="Expecting a stackmap frame at branch target 11
Exception Details:
  Location:
    A.k(J)I @4: ifnonnull
  Reason:
    Expected stackmap frame at this location.
  Bytecode:
    0x0000000: b200 1859 c700 0757 b800 2204 324e 100a
    0x0000010: 2d03 0454 ac                           
" type="java.lang.VerifyError">java.lang.VerifyError: Expecting a stackmap frame at branch target 11
Exception Details:
  Location:
    A.k(J)I @4: ifnonnull
  Reason:
    Expected stackmap frame at this location.
  Bytecode:
    0x0000000: b200 1859 c700 0757 b800 2204 324e 100a
    0x0000010: 2d03 0454 ac                           

	at RandoopTest0.test78(RandoopTest0.java:3098)
</error>
  </testcase>
  <testcase classname="RandoopTest0" name="test79" time="0.001">
    <error message="Expecting a stackmap frame at branch target 11
Exception Details:
  Location:
    A.k(J)I @4: ifnonnull
  Reason:
    Expected stackmap frame at this location.
  Bytecode:
    0x0000000: b200 1859 c700 0757 b800 2204 324e 100a
    0x0000010: 2d03 0454 ac                           
" type="java.lang.VerifyError">java.lang.VerifyError: Expecting a stackmap frame at branch target 11
Exception Details:
  Location:
    A.k(J)I @4: ifnonnull
  Reason:
    Expected stackmap frame at this location.
  Bytecode:
    0x0000000: b200 1859 c700 0757 b800 2204 324e 100a
    0x0000010: 2d03 0454 ac                           

	at RandoopTest0.test79(RandoopTest0.java:3139)
</error>
  </testcase>
  <testcase classname="RandoopTest0" name="test80" time="0.001">
    <error message="Expecting a stackmap frame at branch target 11
Exception Details:
  Location:
    A.k(J)I @4: ifnonnull
  Reason:
    Expected stackmap frame at this location.
  Bytecode:
    0x0000000: b200 1859 c700 0757 b800 2204 324e 100a
    0x0000010: 2d03 0454 ac                           
" type="java.lang.VerifyError">java.lang.VerifyError: Expecting a stackmap frame at branch target 11
Exception Details:
  Location:
    A.k(J)I @4: ifnonnull
  Reason:
    Expected stackmap frame at this location.
  Bytecode:
    0x0000000: b200 1859 c700 0757 b800 2204 324e 100a
    0x0000010: 2d03 0454 ac                           

	at RandoopTest0.test80(RandoopTest0.java:3168)
</error>
  </testcase>
  <testcase classname="RandoopTest0" name="test81" time="0.001">
    <error message="Expecting a stackmap frame at branch target 11
Exception Details:
  Location:
    A.k(J)I @4: ifnonnull
  Reason:
    Expected stackmap frame at this location.
  Bytecode:
    0x0000000: b200 1859 c700 0757 b800 2204 324e 100a
    0x0000010: 2d03 0454 ac                           
" type="java.lang.VerifyError">java.lang.VerifyError: Expecting a stackmap frame at branch target 11
Exception Details:
  Location:
    A.k(J)I @4: ifnonnull
  Reason:
    Expected stackmap frame at this location.
  Bytecode:
    0x0000000: b200 1859 c700 0757 b800 2204 324e 100a
    0x0000010: 2d03 0454 ac                           

	at RandoopTest0.test81(RandoopTest0.java:3201)
</error>
  </testcase>
  <testcase classname="RandoopTest0" name="test82" time="0.001">
    <error message="Expecting a stackmap frame at branch target 11
Exception Details:
  Location:
    A.k(J)I @4: ifnonnull
  Reason:
    Expected stackmap frame at this location.
  Bytecode:
    0x0000000: b200 1859 c700 0757 b800 2204 324e 100a
    0x0000010: 2d03 0454 ac                           
" type="java.lang.VerifyError">java.lang.VerifyError: Expecting a stackmap frame at branch target 11
Exception Details:
  Location:
    A.k(J)I @4: ifnonnull
  Reason:
    Expected stackmap frame at this location.
  Bytecode:
    0x0000000: b200 1859 c700 0757 b800 2204 324e 100a
    0x0000010: 2d03 0454 ac                           

	at RandoopTest0.test82(RandoopTest0.java:3222)
</error>
  </testcase>
  <testcase classname="RandoopTest0" name="test83" time="0.001">
    <error message="Expecting a stackmap frame at branch target 11
Exception Details:
  Location:
    A.k(J)I @4: ifnonnull
  Reason:
    Expected stackmap frame at this location.
  Bytecode:
    0x0000000: b200 1859 c700 0757 b800 2204 324e 100a
    0x0000010: 2d03 0454 ac                           
" type="java.lang.VerifyError">java.lang.VerifyError: Expecting a stackmap frame at branch target 11
Exception Details:
  Location:
    A.k(J)I @4: ifnonnull
  Reason:
    Expected stackmap frame at this location.
  Bytecode:
    0x0000000: b200 1859 c700 0757 b800 2204 324e 100a
    0x0000010: 2d03 0454 ac                           

	at RandoopTest0.test83(RandoopTest0.java:3251)
</error>
  </testcase>
  <testcase classname="RandoopTest0" name="test84" time="0.001">
    <error message="Expecting a stackmap frame at branch target 11
Exception Details:
  Location:
    A.k(J)I @4: ifnonnull
  Reason:
    Expected stackmap frame at this location.
  Bytecode:
    0x0000000: b200 1859 c700 0757 b800 2204 324e 100a
    0x0000010: 2d03 0454 ac                           
" type="java.lang.VerifyError">java.lang.VerifyError: Expecting a stackmap frame at branch target 11
Exception Details:
  Location:
    A.k(J)I @4: ifnonnull
  Reason:
    Expected stackmap frame at this location.
  Bytecode:
    0x0000000: b200 1859 c700 0757 b800 2204 324e 100a
    0x0000010: 2d03 0454 ac                           

	at RandoopTest0.test84(RandoopTest0.java:3300)
</error>
  </testcase>
  <testcase classname="RandoopTest0" name="test85" time="0.0">
    <error message="Expecting a stackmap frame at branch target 11
Exception Details:
  Location:
    A.k(J)I @4: ifnonnull
  Reason:
    Expected stackmap frame at this location.
  Bytecode:
    0x0000000: b200 1859 c700 0757 b800 2204 324e 100a
    0x0000010: 2d03 0454 ac                           
" type="java.lang.VerifyError">java.lang.VerifyError: Expecting a stackmap frame at branch target 11
Exception Details:
  Location:
    A.k(J)I @4: ifnonnull
  Reason:
    Expected stackmap frame at this location.
  Bytecode:
    0x0000000: b200 1859 c700 0757 b800 2204 324e 100a
    0x0000010: 2d03 0454 ac                           

	at RandoopTest0.test85(RandoopTest0.java:3373)
</error>
  </testcase>
  <testcase classname="RandoopTest0" name="test86" time="0.0">
    <error message="Expecting a stackmap frame at branch target 11
Exception Details:
  Location:
    A.k(J)I @4: ifnonnull
  Reason:
    Expected stackmap frame at this location.
  Bytecode:
    0x0000000: b200 1859 c700 0757 b800 2204 324e 100a
    0x0000010: 2d03 0454 ac                           
" type="java.lang.VerifyError">java.lang.VerifyError: Expecting a stackmap frame at branch target 11
Exception Details:
  Location:
    A.k(J)I @4: ifnonnull
  Reason:
    Expected stackmap frame at this location.
  Bytecode:
    0x0000000: b200 1859 c700 0757 b800 2204 324e 100a
    0x0000010: 2d03 0454 ac                           

	at RandoopTest0.test86(RandoopTest0.java:3422)
</error>
  </testcase>
  <testcase classname="RandoopTest0" name="test87" time="0.0">
    <error message="Expecting a stackmap frame at branch target 11
Exception Details:
  Location:
    A.k(J)I @4: ifnonnull
  Reason:
    Expected stackmap frame at this location.
  Bytecode:
    0x0000000: b200 1859 c700 0757 b800 2204 324e 100a
    0x0000010: 2d03 0454 ac                           
" type="java.lang.VerifyError">java.lang.VerifyError: Expecting a stackmap frame at branch target 11
Exception Details:
  Location:
    A.k(J)I @4: ifnonnull
  Reason:
    Expected stackmap frame at this location.
  Bytecode:
    0x0000000: b200 1859 c700 0757 b800 2204 324e 100a
    0x0000010: 2d03 0454 ac                           

	at RandoopTest0.test87(RandoopTest0.java:3475)
</error>
  </testcase>
  <testcase classname="RandoopTest0" name="test88" time="0.0">
    <error message="Expecting a stackmap frame at branch target 11
Exception Details:
  Location:
    A.k(J)I @4: ifnonnull
  Reason:
    Expected stackmap frame at this location.
  Bytecode:
    0x0000000: b200 1859 c700 0757 b800 2204 324e 100a
    0x0000010: 2d03 0454 ac                           
" type="java.lang.VerifyError">java.lang.VerifyError: Expecting a stackmap frame at branch target 11
Exception Details:
  Location:
    A.k(J)I @4: ifnonnull
  Reason:
    Expected stackmap frame at this location.
  Bytecode:
    0x0000000: b200 1859 c700 0757 b800 2204 324e 100a
    0x0000010: 2d03 0454 ac                           

	at RandoopTest0.test88(RandoopTest0.java:3516)
</error>
  </testcase>
  <testcase classname="RandoopTest0" name="test89" time="0.0">
    <error message="Expecting a stackmap frame at branch target 11
Exception Details:
  Location:
    A.k(J)I @4: ifnonnull
  Reason:
    Expected stackmap frame at this location.
  Bytecode:
    0x0000000: b200 1859 c700 0757 b800 2204 324e 100a
    0x0000010: 2d03 0454 ac                           
" type="java.lang.VerifyError">java.lang.VerifyError: Expecting a stackmap frame at branch target 11
Exception Details:
  Location:
    A.k(J)I @4: ifnonnull
  Reason:
    Expected stackmap frame at this location.
  Bytecode:
    0x0000000: b200 1859 c700 0757 b800 2204 324e 100a
    0x0000010: 2d03 0454 ac                           

	at RandoopTest0.test89(RandoopTest0.java:3537)
</error>
  </testcase>
  <testcase classname="RandoopTest0" name="test90" time="0.001">
    <error message="Expecting a stackmap frame at branch target 11
Exception Details:
  Location:
    A.k(J)I @4: ifnonnull
  Reason:
    Expected stackmap frame at this location.
  Bytecode:
    0x0000000: b200 1859 c700 0757 b800 2204 324e 100a
    0x0000010: 2d03 0454 ac                           
" type="java.lang.VerifyError">java.lang.VerifyError: Expecting a stackmap frame at branch target 11
Exception Details:
  Location:
    A.k(J)I @4: ifnonnull
  Reason:
    Expected stackmap frame at this location.
  Bytecode:
    0x0000000: b200 1859 c700 0757 b800 2204 324e 100a
    0x0000010: 2d03 0454 ac                           

	at RandoopTest0.test90(RandoopTest0.java:3558)
</error>
  </testcase>
  <testcase classname="RandoopTest0" name="test91" time="0.001">
    <error message="Expecting a stackmap frame at branch target 11
Exception Details:
  Location:
    A.k(J)I @4: ifnonnull
  Reason:
    Expected stackmap frame at this location.
  Bytecode:
    0x0000000: b200 1859 c700 0757 b800 2204 324e 100a
    0x0000010: 2d03 0454 ac                           
" type="java.lang.VerifyError">java.lang.VerifyError: Expecting a stackmap frame at branch target 11
Exception Details:
  Location:
    A.k(J)I @4: ifnonnull
  Reason:
    Expected stackmap frame at this location.
  Bytecode:
    0x0000000: b200 1859 c700 0757 b800 2204 324e 100a
    0x0000010: 2d03 0454 ac                           

	at RandoopTest0.test91(RandoopTest0.java:3595)
</error>
  </testcase>
  <testcase classname="RandoopTest0" name="test92" time="0.001">
    <error message="Expecting a stackmap frame at branch target 11
Exception Details:
  Location:
    A.k(J)I @4: ifnonnull
  Reason:
    Expected stackmap frame at this location.
  Bytecode:
    0x0000000: b200 1859 c700 0757 b800 2204 324e 100a
    0x0000010: 2d03 0454 ac                           
" type="java.lang.VerifyError">java.lang.VerifyError: Expecting a stackmap frame at branch target 11
Exception Details:
  Location:
    A.k(J)I @4: ifnonnull
  Reason:
    Expected stackmap frame at this location.
  Bytecode:
    0x0000000: b200 1859 c700 0757 b800 2204 324e 100a
    0x0000010: 2d03 0454 ac                           

	at RandoopTest0.test92(RandoopTest0.java:3628)
</error>
  </testcase>
  <testcase classname="RandoopTest0" name="test93" time="0.001">
    <error message="Expecting a stackmap frame at branch target 11
Exception Details:
  Location:
    A.k(J)I @4: ifnonnull
  Reason:
    Expected stackmap frame at this location.
  Bytecode:
    0x0000000: b200 1859 c700 0757 b800 2204 324e 100a
    0x0000010: 2d03 0454 ac                           
" type="java.lang.VerifyError">java.lang.VerifyError: Expecting a stackmap frame at branch target 11
Exception Details:
  Location:
    A.k(J)I @4: ifnonnull
  Reason:
    Expected stackmap frame at this location.
  Bytecode:
    0x0000000: b200 1859 c700 0757 b800 2204 324e 100a
    0x0000010: 2d03 0454 ac                           

	at RandoopTest0.test93(RandoopTest0.java:3665)
</error>
  </testcase>
  <testcase classname="RandoopTest0" name="test94" time="0.001">
    <error message="Expecting a stackmap frame at branch target 11
Exception Details:
  Location:
    A.k(J)I @4: ifnonnull
  Reason:
    Expected stackmap frame at this location.
  Bytecode:
    0x0000000: b200 1859 c700 0757 b800 2204 324e 100a
    0x0000010: 2d03 0454 ac                           
" type="java.lang.VerifyError">java.lang.VerifyError: Expecting a stackmap frame at branch target 11
Exception Details:
  Location:
    A.k(J)I @4: ifnonnull
  Reason:
    Expected stackmap frame at this location.
  Bytecode:
    0x0000000: b200 1859 c700 0757 b800 2204 324e 100a
    0x0000010: 2d03 0454 ac                           

	at RandoopTest0.test94(RandoopTest0.java:3714)
</error>
  </testcase>
  <testcase classname="RandoopTest0" name="test95" time="0.0">
    <error message="Expecting a stackmap frame at branch target 11
Exception Details:
  Location:
    A.k(J)I @4: ifnonnull
  Reason:
    Expected stackmap frame at this location.
  Bytecode:
    0x0000000: b200 1859 c700 0757 b800 2204 324e 100a
    0x0000010: 2d03 0454 ac                           
" type="java.lang.VerifyError">java.lang.VerifyError: Expecting a stackmap frame at branch target 11
Exception Details:
  Location:
    A.k(J)I @4: ifnonnull
  Reason:
    Expected stackmap frame at this location.
  Bytecode:
    0x0000000: b200 1859 c700 0757 b800 2204 324e 100a
    0x0000010: 2d03 0454 ac                           

	at RandoopTest0.test95(RandoopTest0.java:3747)
</error>
  </testcase>
  <testcase classname="RandoopTest0" name="test96" time="0.001">
    <error message="Expecting a stackmap frame at branch target 11
Exception Details:
  Location:
    A.k(J)I @4: ifnonnull
  Reason:
    Expected stackmap frame at this location.
  Bytecode:
    0x0000000: b200 1859 c700 0757 b800 2204 324e 100a
    0x0000010: 2d03 0454 ac                           
" type="java.lang.VerifyError">java.lang.VerifyError: Expecting a stackmap frame at branch target 11
Exception Details:
  Location:
    A.k(J)I @4: ifnonnull
  Reason:
    Expected stackmap frame at this location.
  Bytecode:
    0x0000000: b200 1859 c700 0757 b800 2204 324e 100a
    0x0000010: 2d03 0454 ac                           

	at RandoopTest0.test96(RandoopTest0.java:3836)
</error>
  </testcase>
  <testcase classname="RandoopTest0" name="test97" time="0.0">
    <error message="Expecting a stackmap frame at branch target 11
Exception Details:
  Location:
    A.k(J)I @4: ifnonnull
  Reason:
    Expected stackmap frame at this location.
  Bytecode:
    0x0000000: b200 1859 c700 0757 b800 2204 324e 100a
    0x0000010: 2d03 0454 ac                           
" type="java.lang.VerifyError">java.lang.VerifyError: Expecting a stackmap frame at branch target 11
Exception Details:
  Location:
    A.k(J)I @4: ifnonnull
  Reason:
    Expected stackmap frame at this location.
  Bytecode:
    0x0000000: b200 1859 c700 0757 b800 2204 324e 100a
    0x0000010: 2d03 0454 ac                           

	at RandoopTest0.test97(RandoopTest0.java:3889)
</error>
  </testcase>
  <testcase classname="RandoopTest0" name="test98" time="0.001">
    <error message="Expecting a stackmap frame at branch target 11
Exception Details:
  Location:
    A.k(J)I @4: ifnonnull
  Reason:
    Expected stackmap frame at this location.
  Bytecode:
    0x0000000: b200 1859 c700 0757 b800 2204 324e 100a
    0x0000010: 2d03 0454 ac                           
" type="java.lang.VerifyError">java.lang.VerifyError: Expecting a stackmap frame at branch target 11
Exception Details:
  Location:
    A.k(J)I @4: ifnonnull
  Reason:
    Expected stackmap frame at this location.
  Bytecode:
    0x0000000: b200 1859 c700 0757 b800 2204 324e 100a
    0x0000010: 2d03 0454 ac                           

	at RandoopTest0.test98(RandoopTest0.java:3938)
</error>
  </testcase>
  <testcase classname="RandoopTest0" name="test99" time="0.0">
    <error message="Expecting a stackmap frame at branch target 11
Exception Details:
  Location:
    A.k(J)I @4: ifnonnull
  Reason:
    Expected stackmap frame at this location.
  Bytecode:
    0x0000000: b200 1859 c700 0757 b800 2204 324e 100a
    0x0000010: 2d03 0454 ac                           
" type="java.lang.VerifyError">java.lang.VerifyError: Expecting a stackmap frame at branch target 11
Exception Details:
  Location:
    A.k(J)I @4: ifnonnull
  Reason:
    Expected stackmap frame at this location.
  Bytecode:
    0x0000000: b200 1859 c700 0757 b800 2204 324e 100a
    0x0000010: 2d03 0454 ac                           

	at RandoopTest0.test99(RandoopTest0.java:3971)
</error>
  </testcase>
  <testcase classname="RandoopTest0" name="test100" time="0.001">
    <error message="Expecting a stackmap frame at branch target 11
Exception Details:
  Location:
    A.k(J)I @4: ifnonnull
  Reason:
    Expected stackmap frame at this location.
  Bytecode:
    0x0000000: b200 1859 c700 0757 b800 2204 324e 100a
    0x0000010: 2d03 0454 ac                           
" type="java.lang.VerifyError">java.lang.VerifyError: Expecting a stackmap frame at branch target 11
Exception Details:
  Location:
    A.k(J)I @4: ifnonnull
  Reason:
    Expected stackmap frame at this location.
  Bytecode:
    0x0000000: b200 1859 c700 0757 b800 2204 324e 100a
    0x0000010: 2d03 0454 ac                           

	at RandoopTest0.test100(RandoopTest0.java:4008)
</error>
  </testcase>
  <testcase classname="RandoopTest0" name="test101" time="0.0">
    <error message="Expecting a stackmap frame at branch target 11
Exception Details:
  Location:
    A.k(J)I @4: ifnonnull
  Reason:
    Expected stackmap frame at this location.
  Bytecode:
    0x0000000: b200 1859 c700 0757 b800 2204 324e 100a
    0x0000010: 2d03 0454 ac                           
" type="java.lang.VerifyError">java.lang.VerifyError: Expecting a stackmap frame at branch target 11
Exception Details:
  Location:
    A.k(J)I @4: ifnonnull
  Reason:
    Expected stackmap frame at this location.
  Bytecode:
    0x0000000: b200 1859 c700 0757 b800 2204 324e 100a
    0x0000010: 2d03 0454 ac                           

	at RandoopTest0.test101(RandoopTest0.java:4065)
</error>
  </testcase>
  <testcase classname="RandoopTest0" name="test102" time="0.0">
    <error message="Expecting a stackmap frame at branch target 11
Exception Details:
  Location:
    A.k(J)I @4: ifnonnull
  Reason:
    Expected stackmap frame at this location.
  Bytecode:
    0x0000000: b200 1859 c700 0757 b800 2204 324e 100a
    0x0000010: 2d03 0454 ac                           
" type="java.lang.VerifyError">java.lang.VerifyError: Expecting a stackmap frame at branch target 11
Exception Details:
  Location:
    A.k(J)I @4: ifnonnull
  Reason:
    Expected stackmap frame at this location.
  Bytecode:
    0x0000000: b200 1859 c700 0757 b800 2204 324e 100a
    0x0000010: 2d03 0454 ac                           

	at RandoopTest0.test102(RandoopTest0.java:4094)
</error>
  </testcase>
  <testcase classname="RandoopTest0" name="test103" time="0.001">
    <error message="Expecting a stackmap frame at branch target 11
Exception Details:
  Location:
    A.k(J)I @4: ifnonnull
  Reason:
    Expected stackmap frame at this location.
  Bytecode:
    0x0000000: b200 1859 c700 0757 b800 2204 324e 100a
    0x0000010: 2d03 0454 ac                           
" type="java.lang.VerifyError">java.lang.VerifyError: Expecting a stackmap frame at branch target 11
Exception Details:
  Location:
    A.k(J)I @4: ifnonnull
  Reason:
    Expected stackmap frame at this location.
  Bytecode:
    0x0000000: b200 1859 c700 0757 b800 2204 324e 100a
    0x0000010: 2d03 0454 ac                           

	at RandoopTest0.test103(RandoopTest0.java:4119)
</error>
  </testcase>
  <testcase classname="RandoopTest0" name="test104" time="0.001">
    <error message="Expecting a stackmap frame at branch target 11
Exception Details:
  Location:
    A.k(J)I @4: ifnonnull
  Reason:
    Expected stackmap frame at this location.
  Bytecode:
    0x0000000: b200 1859 c700 0757 b800 2204 324e 100a
    0x0000010: 2d03 0454 ac                           
" type="java.lang.VerifyError">java.lang.VerifyError: Expecting a stackmap frame at branch target 11
Exception Details:
  Location:
    A.k(J)I @4: ifnonnull
  Reason:
    Expected stackmap frame at this location.
  Bytecode:
    0x0000000: b200 1859 c700 0757 b800 2204 324e 100a
    0x0000010: 2d03 0454 ac                           

	at RandoopTest0.test104(RandoopTest0.java:4168)
</error>
  </testcase>
  <testcase classname="RandoopTest0" name="test105" time="0.007">
    <error message="Expecting a stackmap frame at branch target 11
Exception Details:
  Location:
    A.k(J)I @4: ifnonnull
  Reason:
    Expected stackmap frame at this location.
  Bytecode:
    0x0000000: b200 1859 c700 0757 b800 2204 324e 100a
    0x0000010: 2d03 0454 ac                           
" type="java.lang.VerifyError">java.lang.VerifyError: Expecting a stackmap frame at branch target 11
Exception Details:
  Location:
    A.k(J)I @4: ifnonnull
  Reason:
    Expected stackmap frame at this location.
  Bytecode:
    0x0000000: b200 1859 c700 0757 b800 2204 324e 100a
    0x0000010: 2d03 0454 ac                           

	at RandoopTest0.test105(RandoopTest0.java:4217)
</error>
  </testcase>
  <testcase classname="RandoopTest0" name="test106" time="0.0">
    <error message="Expecting a stackmap frame at branch target 11
Exception Details:
  Location:
    A.k(J)I @4: ifnonnull
  Reason:
    Expected stackmap frame at this location.
  Bytecode:
    0x0000000: b200 1859 c700 0757 b800 2204 324e 100a
    0x0000010: 2d03 0454 ac                           
" type="java.lang.VerifyError">java.lang.VerifyError: Expecting a stackmap frame at branch target 11
Exception Details:
  Location:
    A.k(J)I @4: ifnonnull
  Reason:
    Expected stackmap frame at this location.
  Bytecode:
    0x0000000: b200 1859 c700 0757 b800 2204 324e 100a
    0x0000010: 2d03 0454 ac                           

	at RandoopTest0.test106(RandoopTest0.java:4254)
</error>
  </testcase>
  <testcase classname="RandoopTest0" name="test107" time="0.001">
    <error message="Expecting a stackmap frame at branch target 11
Exception Details:
  Location:
    A.k(J)I @4: ifnonnull
  Reason:
    Expected stackmap frame at this location.
  Bytecode:
    0x0000000: b200 1859 c700 0757 b800 2204 324e 100a
    0x0000010: 2d03 0454 ac                           
" type="java.lang.VerifyError">java.lang.VerifyError: Expecting a stackmap frame at branch target 11
Exception Details:
  Location:
    A.k(J)I @4: ifnonnull
  Reason:
    Expected stackmap frame at this location.
  Bytecode:
    0x0000000: b200 1859 c700 0757 b800 2204 324e 100a
    0x0000010: 2d03 0454 ac                           

	at RandoopTest0.test107(RandoopTest0.java:4315)
</error>
  </testcase>
  <testcase classname="RandoopTest0" name="test108" time="0.0">
    <error message="Expecting a stackmap frame at branch target 11
Exception Details:
  Location:
    A.k(J)I @4: ifnonnull
  Reason:
    Expected stackmap frame at this location.
  Bytecode:
    0x0000000: b200 1859 c700 0757 b800 2204 324e 100a
    0x0000010: 2d03 0454 ac                           
" type="java.lang.VerifyError">java.lang.VerifyError: Expecting a stackmap frame at branch target 11
Exception Details:
  Location:
    A.k(J)I @4: ifnonnull
  Reason:
    Expected stackmap frame at this location.
  Bytecode:
    0x0000000: b200 1859 c700 0757 b800 2204 324e 100a
    0x0000010: 2d03 0454 ac                           

	at RandoopTest0.test108(RandoopTest0.java:4344)
</error>
  </testcase>
  <testcase classname="RandoopTest0" name="test109" time="0.001">
    <error message="Expecting a stackmap frame at branch target 11
Exception Details:
  Location:
    A.k(J)I @4: ifnonnull
  Reason:
    Expected stackmap frame at this location.
  Bytecode:
    0x0000000: b200 1859 c700 0757 b800 2204 324e 100a
    0x0000010: 2d03 0454 ac                           
" type="java.lang.VerifyError">java.lang.VerifyError: Expecting a stackmap frame at branch target 11
Exception Details:
  Location:
    A.k(J)I @4: ifnonnull
  Reason:
    Expected stackmap frame at this location.
  Bytecode:
    0x0000000: b200 1859 c700 0757 b800 2204 324e 100a
    0x0000010: 2d03 0454 ac                           

	at RandoopTest0.test109(RandoopTest0.java:4409)
</error>
  </testcase>
  <testcase classname="RandoopTest0" name="test110" time="0.0">
    <error message="Expecting a stackmap frame at branch target 11
Exception Details:
  Location:
    A.k(J)I @4: ifnonnull
  Reason:
    Expected stackmap frame at this location.
  Bytecode:
    0x0000000: b200 1859 c700 0757 b800 2204 324e 100a
    0x0000010: 2d03 0454 ac                           
" type="java.lang.VerifyError">java.lang.VerifyError: Expecting a stackmap frame at branch target 11
Exception Details:
  Location:
    A.k(J)I @4: ifnonnull
  Reason:
    Expected stackmap frame at this location.
  Bytecode:
    0x0000000: b200 1859 c700 0757 b800 2204 324e 100a
    0x0000010: 2d03 0454 ac                           

	at RandoopTest0.test110(RandoopTest0.java:4462)
</error>
  </testcase>
  <testcase classname="RandoopTest0" name="test111" time="0.001">
    <error message="Expecting a stackmap frame at branch target 11
Exception Details:
  Location:
    A.k(J)I @4: ifnonnull
  Reason:
    Expected stackmap frame at this location.
  Bytecode:
    0x0000000: b200 1859 c700 0757 b800 2204 324e 100a
    0x0000010: 2d03 0454 ac                           
" type="java.lang.VerifyError">java.lang.VerifyError: Expecting a stackmap frame at branch target 11
Exception Details:
  Location:
    A.k(J)I @4: ifnonnull
  Reason:
    Expected stackmap frame at this location.
  Bytecode:
    0x0000000: b200 1859 c700 0757 b800 2204 324e 100a
    0x0000010: 2d03 0454 ac                           

	at RandoopTest0.test111(RandoopTest0.java:4499)
</error>
  </testcase>
  <testcase classname="RandoopTest0" name="test112" time="0.001">
    <error message="Expecting a stackmap frame at branch target 11
Exception Details:
  Location:
    A.k(J)I @4: ifnonnull
  Reason:
    Expected stackmap frame at this location.
  Bytecode:
    0x0000000: b200 1859 c700 0757 b800 2204 324e 100a
    0x0000010: 2d03 0454 ac                           
" type="java.lang.VerifyError">java.lang.VerifyError: Expecting a stackmap frame at branch target 11
Exception Details:
  Location:
    A.k(J)I @4: ifnonnull
  Reason:
    Expected stackmap frame at this location.
  Bytecode:
    0x0000000: b200 1859 c700 0757 b800 2204 324e 100a
    0x0000010: 2d03 0454 ac                           

	at RandoopTest0.test112(RandoopTest0.java:4536)
</error>
  </testcase>
  <testcase classname="RandoopTest0" name="test113" time="0.001">
    <error message="Expecting a stackmap frame at branch target 11
Exception Details:
  Location:
    A.k(J)I @4: ifnonnull
  Reason:
    Expected stackmap frame at this location.
  Bytecode:
    0x0000000: b200 1859 c700 0757 b800 2204 324e 100a
    0x0000010: 2d03 0454 ac                           
" type="java.lang.VerifyError">java.lang.VerifyError: Expecting a stackmap frame at branch target 11
Exception Details:
  Location:
    A.k(J)I @4: ifnonnull
  Reason:
    Expected stackmap frame at this location.
  Bytecode:
    0x0000000: b200 1859 c700 0757 b800 2204 324e 100a
    0x0000010: 2d03 0454 ac                           

	at RandoopTest0.test113(RandoopTest0.java:4609)
</error>
  </testcase>
  <testcase classname="RandoopTest0" name="test114" time="0.001">
    <error message="Expecting a stackmap frame at branch target 11
Exception Details:
  Location:
    A.k(J)I @4: ifnonnull
  Reason:
    Expected stackmap frame at this location.
  Bytecode:
    0x0000000: b200 1859 c700 0757 b800 2204 324e 100a
    0x0000010: 2d03 0454 ac                           
" type="java.lang.VerifyError">java.lang.VerifyError: Expecting a stackmap frame at branch target 11
Exception Details:
  Location:
    A.k(J)I @4: ifnonnull
  Reason:
    Expected stackmap frame at this location.
  Bytecode:
    0x0000000: b200 1859 c700 0757 b800 2204 324e 100a
    0x0000010: 2d03 0454 ac                           

	at RandoopTest0.test114(RandoopTest0.java:4658)
</error>
  </testcase>
  <testcase classname="RandoopTest0" name="test115" time="0.0">
    <error message="Expecting a stackmap frame at branch target 11
Exception Details:
  Location:
    A.k(J)I @4: ifnonnull
  Reason:
    Expected stackmap frame at this location.
  Bytecode:
    0x0000000: b200 1859 c700 0757 b800 2204 324e 100a
    0x0000010: 2d03 0454 ac                           
" type="java.lang.VerifyError">java.lang.VerifyError: Expecting a stackmap frame at branch target 11
Exception Details:
  Location:
    A.k(J)I @4: ifnonnull
  Reason:
    Expected stackmap frame at this location.
  Bytecode:
    0x0000000: b200 1859 c700 0757 b800 2204 324e 100a
    0x0000010: 2d03 0454 ac                           

	at RandoopTest0.test115(RandoopTest0.java:4699)
</error>
  </testcase>
  <testcase classname="RandoopTest0" name="test116" time="0.0">
    <error message="Expecting a stackmap frame at branch target 11
Exception Details:
  Location:
    A.k(J)I @4: ifnonnull
  Reason:
    Expected stackmap frame at this location.
  Bytecode:
    0x0000000: b200 1859 c700 0757 b800 2204 324e 100a
    0x0000010: 2d03 0454 ac                           
" type="java.lang.VerifyError">java.lang.VerifyError: Expecting a stackmap frame at branch target 11
Exception Details:
  Location:
    A.k(J)I @4: ifnonnull
  Reason:
    Expected stackmap frame at this location.
  Bytecode:
    0x0000000: b200 1859 c700 0757 b800 2204 324e 100a
    0x0000010: 2d03 0454 ac                           

	at RandoopTest0.test116(RandoopTest0.java:4740)
</error>
  </testcase>
  <testcase classname="RandoopTest0" name="test117" time="0.0">
    <error message="Expecting a stackmap frame at branch target 11
Exception Details:
  Location:
    A.k(J)I @4: ifnonnull
  Reason:
    Expected stackmap frame at this location.
  Bytecode:
    0x0000000: b200 1859 c700 0757 b800 2204 324e 100a
    0x0000010: 2d03 0454 ac                           
" type="java.lang.VerifyError">java.lang.VerifyError: Expecting a stackmap frame at branch target 11
Exception Details:
  Location:
    A.k(J)I @4: ifnonnull
  Reason:
    Expected stackmap frame at this location.
  Bytecode:
    0x0000000: b200 1859 c700 0757 b800 2204 324e 100a
    0x0000010: 2d03 0454 ac                           

	at RandoopTest0.test117(RandoopTest0.java:4805)
</error>
  </testcase>
  <testcase classname="RandoopTest0" name="test11" time="0.001">
    <error message="Expecting a stackmap frame at branch target 11
Exception Details:
  Location:
    A.k(J)I @4: ifnonnull
  Reason:
    Expected stackmap frame at this location.
  Bytecode:
    0x0000000: b200 1859 c700 0757 b800 2204 324e 100a
    0x0000010: 2d03 0454 ac                           
" type="java.lang.VerifyError">java.lang.VerifyError: Expecting a stackmap frame at branch target 11
Exception Details:
  Location:
    A.k(J)I @4: ifnonnull
  Reason:
    Expected stackmap frame at this location.
  Bytecode:
    0x0000000: b200 1859 c700 0757 b800 2204 324e 100a
    0x0000010: 2d03 0454 ac                           

	at RandoopTest0.test11(RandoopTest0.java:363)
</error>
  </testcase>
  <testcase classname="RandoopTest0" name="test12" time="0.0">
    <error message="Expecting a stackmap frame at branch target 11
Exception Details:
  Location:
    A.k(J)I @4: ifnonnull
  Reason:
    Expected stackmap frame at this location.
  Bytecode:
    0x0000000: b200 1859 c700 0757 b800 2204 324e 100a
    0x0000010: 2d03 0454 ac                           
" type="java.lang.VerifyError">java.lang.VerifyError: Expecting a stackmap frame at branch target 11
Exception Details:
  Location:
    A.k(J)I @4: ifnonnull
  Reason:
    Expected stackmap frame at this location.
  Bytecode:
    0x0000000: b200 1859 c700 0757 b800 2204 324e 100a
    0x0000010: 2d03 0454 ac                           

	at RandoopTest0.test12(RandoopTest0.java:404)
</error>
  </testcase>
  <testcase classname="RandoopTest0" name="test13" time="0.001">
    <error message="Expecting a stackmap frame at branch target 11
Exception Details:
  Location:
    A.k(J)I @4: ifnonnull
  Reason:
    Expected stackmap frame at this location.
  Bytecode:
    0x0000000: b200 1859 c700 0757 b800 2204 324e 100a
    0x0000010: 2d03 0454 ac                           
" type="java.lang.VerifyError">java.lang.VerifyError: Expecting a stackmap frame at branch target 11
Exception Details:
  Location:
    A.k(J)I @4: ifnonnull
  Reason:
    Expected stackmap frame at this location.
  Bytecode:
    0x0000000: b200 1859 c700 0757 b800 2204 324e 100a
    0x0000010: 2d03 0454 ac                           

	at RandoopTest0.test13(RandoopTest0.java:445)
</error>
  </testcase>
  <testcase classname="RandoopTest0" name="test14" time="0.001">
    <error message="Expecting a stackmap frame at branch target 11
Exception Details:
  Location:
    A.k(J)I @4: ifnonnull
  Reason:
    Expected stackmap frame at this location.
  Bytecode:
    0x0000000: b200 1859 c700 0757 b800 2204 324e 100a
    0x0000010: 2d03 0454 ac                           
" type="java.lang.VerifyError">java.lang.VerifyError: Expecting a stackmap frame at branch target 11
Exception Details:
  Location:
    A.k(J)I @4: ifnonnull
  Reason:
    Expected stackmap frame at this location.
  Bytecode:
    0x0000000: b200 1859 c700 0757 b800 2204 324e 100a
    0x0000010: 2d03 0454 ac                           

	at RandoopTest0.test14(RandoopTest0.java:474)
</error>
  </testcase>
  <testcase classname="RandoopTest0" name="test15" time="0.0">
    <error message="Expecting a stackmap frame at branch target 11
Exception Details:
  Location:
    A.k(J)I @4: ifnonnull
  Reason:
    Expected stackmap frame at this location.
  Bytecode:
    0x0000000: b200 1859 c700 0757 b800 2204 324e 100a
    0x0000010: 2d03 0454 ac                           
" type="java.lang.VerifyError">java.lang.VerifyError: Expecting a stackmap frame at branch target 11
Exception Details:
  Location:
    A.k(J)I @4: ifnonnull
  Reason:
    Expected stackmap frame at this location.
  Bytecode:
    0x0000000: b200 1859 c700 0757 b800 2204 324e 100a
    0x0000010: 2d03 0454 ac                           

	at RandoopTest0.test15(RandoopTest0.java:499)
</error>
  </testcase>
  <testcase classname="RandoopTest0" name="test16" time="0.0">
    <error message="Expecting a stackmap frame at branch target 11
Exception Details:
  Location:
    A.k(J)I @4: ifnonnull
  Reason:
    Expected stackmap frame at this location.
  Bytecode:
    0x0000000: b200 1859 c700 0757 b800 2204 324e 100a
    0x0000010: 2d03 0454 ac                           
" type="java.lang.VerifyError">java.lang.VerifyError: Expecting a stackmap frame at branch target 11
Exception Details:
  Location:
    A.k(J)I @4: ifnonnull
  Reason:
    Expected stackmap frame at this location.
  Bytecode:
    0x0000000: b200 1859 c700 0757 b800 2204 324e 100a
    0x0000010: 2d03 0454 ac                           

	at RandoopTest0.test16(RandoopTest0.java:536)
</error>
  </testcase>
  <testcase classname="RandoopTest0" name="test17" time="0.001">
    <error message="Expecting a stackmap frame at branch target 11
Exception Details:
  Location:
    A.k(J)I @4: ifnonnull
  Reason:
    Expected stackmap frame at this location.
  Bytecode:
    0x0000000: b200 1859 c700 0757 b800 2204 324e 100a
    0x0000010: 2d03 0454 ac                           
" type="java.lang.VerifyError">java.lang.VerifyError: Expecting a stackmap frame at branch target 11
Exception Details:
  Location:
    A.k(J)I @4: ifnonnull
  Reason:
    Expected stackmap frame at this location.
  Bytecode:
    0x0000000: b200 1859 c700 0757 b800 2204 324e 100a
    0x0000010: 2d03 0454 ac                           

	at RandoopTest0.test17(RandoopTest0.java:585)
</error>
  </testcase>
  <testcase classname="RandoopTest0" name="test18" time="0.0">
    <error message="Expecting a stackmap frame at branch target 11
Exception Details:
  Location:
    A.k(J)I @4: ifnonnull
  Reason:
    Expected stackmap frame at this location.
  Bytecode:
    0x0000000: b200 1859 c700 0757 b800 2204 324e 100a
    0x0000010: 2d03 0454 ac                           
" type="java.lang.VerifyError">java.lang.VerifyError: Expecting a stackmap frame at branch target 11
Exception Details:
  Location:
    A.k(J)I @4: ifnonnull
  Reason:
    Expected stackmap frame at this location.
  Bytecode:
    0x0000000: b200 1859 c700 0757 b800 2204 324e 100a
    0x0000010: 2d03 0454 ac                           

	at RandoopTest0.test18(RandoopTest0.java:622)
</error>
  </testcase>
  <testcase classname="RandoopTest0" name="test19" time="0.001">
    <error message="Expecting a stackmap frame at branch target 11
Exception Details:
  Location:
    A.k(J)I @4: ifnonnull
  Reason:
    Expected stackmap frame at this location.
  Bytecode:
    0x0000000: b200 1859 c700 0757 b800 2204 324e 100a
    0x0000010: 2d03 0454 ac                           
" type="java.lang.VerifyError">java.lang.VerifyError: Expecting a stackmap frame at branch target 11
Exception Details:
  Location:
    A.k(J)I @4: ifnonnull
  Reason:
    Expected stackmap frame at this location.
  Bytecode:
    0x0000000: b200 1859 c700 0757 b800 2204 324e 100a
    0x0000010: 2d03 0454 ac                           

	at RandoopTest0.test19(RandoopTest0.java:655)
</error>
  </testcase>
  <testcase classname="RandoopTest0" name="test20" time="0.0">
    <error message="Expecting a stackmap frame at branch target 11
Exception Details:
  Location:
    A.k(J)I @4: ifnonnull
  Reason:
    Expected stackmap frame at this location.
  Bytecode:
    0x0000000: b200 1859 c700 0757 b800 2204 324e 100a
    0x0000010: 2d03 0454 ac                           
" type="java.lang.VerifyError">java.lang.VerifyError: Expecting a stackmap frame at branch target 11
Exception Details:
  Location:
    A.k(J)I @4: ifnonnull
  Reason:
    Expected stackmap frame at this location.
  Bytecode:
    0x0000000: b200 1859 c700 0757 b800 2204 324e 100a
    0x0000010: 2d03 0454 ac                           

	at RandoopTest0.test20(RandoopTest0.java:692)
</error>
  </testcase>
  <testcase classname="RandoopTest0" name="test21" time="0.001">
    <error message="Expecting a stackmap frame at branch target 11
Exception Details:
  Location:
    A.k(J)I @4: ifnonnull
  Reason:
    Expected stackmap frame at this location.
  Bytecode:
    0x0000000: b200 1859 c700 0757 b800 2204 324e 100a
    0x0000010: 2d03 0454 ac                           
" type="java.lang.VerifyError">java.lang.VerifyError: Expecting a stackmap frame at branch target 11
Exception Details:
  Location:
    A.k(J)I @4: ifnonnull
  Reason:
    Expected stackmap frame at this location.
  Bytecode:
    0x0000000: b200 1859 c700 0757 b800 2204 324e 100a
    0x0000010: 2d03 0454 ac                           

	at RandoopTest0.test21(RandoopTest0.java:741)
</error>
  </testcase>
  <testcase classname="RandoopTest0" name="test22" time="0.0">
    <error message="Expecting a stackmap frame at branch target 11
Exception Details:
  Location:
    A.k(J)I @4: ifnonnull
  Reason:
    Expected stackmap frame at this location.
  Bytecode:
    0x0000000: b200 1859 c700 0757 b800 2204 324e 100a
    0x0000010: 2d03 0454 ac                           
" type="java.lang.VerifyError">java.lang.VerifyError: Expecting a stackmap frame at branch target 11
Exception Details:
  Location:
    A.k(J)I @4: ifnonnull
  Reason:
    Expected stackmap frame at this location.
  Bytecode:
    0x0000000: b200 1859 c700 0757 b800 2204 324e 100a
    0x0000010: 2d03 0454 ac                           

	at RandoopTest0.test22(RandoopTest0.java:778)
</error>
  </testcase>
  <testcase classname="RandoopTest0" name="test23" time="0.001">
    <error message="Expecting a stackmap frame at branch target 11
Exception Details:
  Location:
    A.k(J)I @4: ifnonnull
  Reason:
    Expected stackmap frame at this location.
  Bytecode:
    0x0000000: b200 1859 c700 0757 b800 2204 324e 100a
    0x0000010: 2d03 0454 ac                           
" type="java.lang.VerifyError">java.lang.VerifyError: Expecting a stackmap frame at branch target 11
Exception Details:
  Location:
    A.k(J)I @4: ifnonnull
  Reason:
    Expected stackmap frame at this location.
  Bytecode:
    0x0000000: b200 1859 c700 0757 b800 2204 324e 100a
    0x0000010: 2d03 0454 ac                           

	at RandoopTest0.test23(RandoopTest0.java:807)
</error>
  </testcase>
  <testcase classname="RandoopTest0" name="test24" time="0.0">
    <error message="Expecting a stackmap frame at branch target 11
Exception Details:
  Location:
    A.k(J)I @4: ifnonnull
  Reason:
    Expected stackmap frame at this location.
  Bytecode:
    0x0000000: b200 1859 c700 0757 b800 2204 324e 100a
    0x0000010: 2d03 0454 ac                           
" type="java.lang.VerifyError">java.lang.VerifyError: Expecting a stackmap frame at branch target 11
Exception Details:
  Location:
    A.k(J)I @4: ifnonnull
  Reason:
    Expected stackmap frame at this location.
  Bytecode:
    0x0000000: b200 1859 c700 0757 b800 2204 324e 100a
    0x0000010: 2d03 0454 ac                           

	at RandoopTest0.test24(RandoopTest0.java:840)
</error>
  </testcase>
  <testcase classname="RandoopTest0" name="test25" time="0.001">
    <error message="Expecting a stackmap frame at branch target 11
Exception Details:
  Location:
    A.k(J)I @4: ifnonnull
  Reason:
    Expected stackmap frame at this location.
  Bytecode:
    0x0000000: b200 1859 c700 0757 b800 2204 324e 100a
    0x0000010: 2d03 0454 ac                           
" type="java.lang.VerifyError">java.lang.VerifyError: Expecting a stackmap frame at branch target 11
Exception Details:
  Location:
    A.k(J)I @4: ifnonnull
  Reason:
    Expected stackmap frame at this location.
  Bytecode:
    0x0000000: b200 1859 c700 0757 b800 2204 324e 100a
    0x0000010: 2d03 0454 ac                           

	at RandoopTest0.test25(RandoopTest0.java:885)
</error>
  </testcase>
  <testcase classname="RandoopTest0" name="test26" time="0.001">
    <error message="Expecting a stackmap frame at branch target 11
Exception Details:
  Location:
    A.k(J)I @4: ifnonnull
  Reason:
    Expected stackmap frame at this location.
  Bytecode:
    0x0000000: b200 1859 c700 0757 b800 2204 324e 100a
    0x0000010: 2d03 0454 ac                           
" type="java.lang.VerifyError">java.lang.VerifyError: Expecting a stackmap frame at branch target 11
Exception Details:
  Location:
    A.k(J)I @4: ifnonnull
  Reason:
    Expected stackmap frame at this location.
  Bytecode:
    0x0000000: b200 1859 c700 0757 b800 2204 324e 100a
    0x0000010: 2d03 0454 ac                           

	at RandoopTest0.test26(RandoopTest0.java:918)
</error>
  </testcase>
  <testcase classname="RandoopTest0" name="test27" time="0.0">
    <error message="Expecting a stackmap frame at branch target 11
Exception Details:
  Location:
    A.k(J)I @4: ifnonnull
  Reason:
    Expected stackmap frame at this location.
  Bytecode:
    0x0000000: b200 1859 c700 0757 b800 2204 324e 100a
    0x0000010: 2d03 0454 ac                           
" type="java.lang.VerifyError">java.lang.VerifyError: Expecting a stackmap frame at branch target 11
Exception Details:
  Location:
    A.k(J)I @4: ifnonnull
  Reason:
    Expected stackmap frame at this location.
  Bytecode:
    0x0000000: b200 1859 c700 0757 b800 2204 324e 100a
    0x0000010: 2d03 0454 ac                           

	at RandoopTest0.test27(RandoopTest0.java:943)
</error>
  </testcase>
  <testcase classname="RandoopTest0" name="test28" time="0.001">
    <error message="Expecting a stackmap frame at branch target 11
Exception Details:
  Location:
    A.k(J)I @4: ifnonnull
  Reason:
    Expected stackmap frame at this location.
  Bytecode:
    0x0000000: b200 1859 c700 0757 b800 2204 324e 100a
    0x0000010: 2d03 0454 ac                           
" type="java.lang.VerifyError">java.lang.VerifyError: Expecting a stackmap frame at branch target 11
Exception Details:
  Location:
    A.k(J)I @4: ifnonnull
  Reason:
    Expected stackmap frame at this location.
  Bytecode:
    0x0000000: b200 1859 c700 0757 b800 2204 324e 100a
    0x0000010: 2d03 0454 ac                           

	at RandoopTest0.test28(RandoopTest0.java:980)
</error>
  </testcase>
  <testcase classname="RandoopTest0" name="test29" time="0.0">
    <error message="Expecting a stackmap frame at branch target 11
Exception Details:
  Location:
    A.k(J)I @4: ifnonnull
  Reason:
    Expected stackmap frame at this location.
  Bytecode:
    0x0000000: b200 1859 c700 0757 b800 2204 324e 100a
    0x0000010: 2d03 0454 ac                           
" type="java.lang.VerifyError">java.lang.VerifyError: Expecting a stackmap frame at branch target 11
Exception Details:
  Location:
    A.k(J)I @4: ifnonnull
  Reason:
    Expected stackmap frame at this location.
  Bytecode:
    0x0000000: b200 1859 c700 0757 b800 2204 324e 100a
    0x0000010: 2d03 0454 ac                           

	at RandoopTest0.test29(RandoopTest0.java:1013)
</error>
  </testcase>
  <testcase classname="RandoopTest0" name="test30" time="0.001">
    <error message="Expecting a stackmap frame at branch target 11
Exception Details:
  Location:
    A.k(J)I @4: ifnonnull
  Reason:
    Expected stackmap frame at this location.
  Bytecode:
    0x0000000: b200 1859 c700 0757 b800 2204 324e 100a
    0x0000010: 2d03 0454 ac                           
" type="java.lang.VerifyError">java.lang.VerifyError: Expecting a stackmap frame at branch target 11
Exception Details:
  Location:
    A.k(J)I @4: ifnonnull
  Reason:
    Expected stackmap frame at this location.
  Bytecode:
    0x0000000: b200 1859 c700 0757 b800 2204 324e 100a
    0x0000010: 2d03 0454 ac                           

	at RandoopTest0.test30(RandoopTest0.java:1062)
</error>
  </testcase>
  <testcase classname="RandoopTest0" name="test31" time="0.0">
    <error message="Expecting a stackmap frame at branch target 11
Exception Details:
  Location:
    A.k(J)I @4: ifnonnull
  Reason:
    Expected stackmap frame at this location.
  Bytecode:
    0x0000000: b200 1859 c700 0757 b800 2204 324e 100a
    0x0000010: 2d03 0454 ac                           
" type="java.lang.VerifyError">java.lang.VerifyError: Expecting a stackmap frame at branch target 11
Exception Details:
  Location:
    A.k(J)I @4: ifnonnull
  Reason:
    Expected stackmap frame at this location.
  Bytecode:
    0x0000000: b200 1859 c700 0757 b800 2204 324e 100a
    0x0000010: 2d03 0454 ac                           

	at RandoopTest0.test31(RandoopTest0.java:1135)
</error>
  </testcase>
  <testcase classname="RandoopTest0" name="test32" time="0.0">
    <error message="Expecting a stackmap frame at branch target 11
Exception Details:
  Location:
    A.k(J)I @4: ifnonnull
  Reason:
    Expected stackmap frame at this location.
  Bytecode:
    0x0000000: b200 1859 c700 0757 b800 2204 324e 100a
    0x0000010: 2d03 0454 ac                           
" type="java.lang.VerifyError">java.lang.VerifyError: Expecting a stackmap frame at branch target 11
Exception Details:
  Location:
    A.k(J)I @4: ifnonnull
  Reason:
    Expected stackmap frame at this location.
  Bytecode:
    0x0000000: b200 1859 c700 0757 b800 2204 324e 100a
    0x0000010: 2d03 0454 ac                           

	at RandoopTest0.test32(RandoopTest0.java:1172)
</error>
  </testcase>
  <testcase classname="RandoopTest0" name="test33" time="0.0">
    <error message="Expecting a stackmap frame at branch target 11
Exception Details:
  Location:
    A.k(J)I @4: ifnonnull
  Reason:
    Expected stackmap frame at this location.
  Bytecode:
    0x0000000: b200 1859 c700 0757 b800 2204 324e 100a
    0x0000010: 2d03 0454 ac                           
" type="java.lang.VerifyError">java.lang.VerifyError: Expecting a stackmap frame at branch target 11
Exception Details:
  Location:
    A.k(J)I @4: ifnonnull
  Reason:
    Expected stackmap frame at this location.
  Bytecode:
    0x0000000: b200 1859 c700 0757 b800 2204 324e 100a
    0x0000010: 2d03 0454 ac                           

	at RandoopTest0.test33(RandoopTest0.java:1201)
</error>
  </testcase>
  <testcase classname="RandoopTest0" name="test34" time="0.0">
    <error message="Expecting a stackmap frame at branch target 11
Exception Details:
  Location:
    A.k(J)I @4: ifnonnull
  Reason:
    Expected stackmap frame at this location.
  Bytecode:
    0x0000000: b200 1859 c700 0757 b800 2204 324e 100a
    0x0000010: 2d03 0454 ac                           
" type="java.lang.VerifyError">java.lang.VerifyError: Expecting a stackmap frame at branch target 11
Exception Details:
  Location:
    A.k(J)I @4: ifnonnull
  Reason:
    Expected stackmap frame at this location.
  Bytecode:
    0x0000000: b200 1859 c700 0757 b800 2204 324e 100a
    0x0000010: 2d03 0454 ac                           

	at RandoopTest0.test34(RandoopTest0.java:1246)
</error>
  </testcase>
  <testcase classname="RandoopTest0" name="test35" time="0.0">
    <error message="Expecting a stackmap frame at branch target 11
Exception Details:
  Location:
    A.k(J)I @4: ifnonnull
  Reason:
    Expected stackmap frame at this location.
  Bytecode:
    0x0000000: b200 1859 c700 0757 b800 2204 324e 100a
    0x0000010: 2d03 0454 ac                           
" type="java.lang.VerifyError">java.lang.VerifyError: Expecting a stackmap frame at branch target 11
Exception Details:
  Location:
    A.k(J)I @4: ifnonnull
  Reason:
    Expected stackmap frame at this location.
  Bytecode:
    0x0000000: b200 1859 c700 0757 b800 2204 324e 100a
    0x0000010: 2d03 0454 ac                           

	at RandoopTest0.test35(RandoopTest0.java:1303)
</error>
  </testcase>
  <testcase classname="RandoopTest0" name="test36" time="0.0">
    <error message="Expecting a stackmap frame at branch target 11
Exception Details:
  Location:
    A.k(J)I @4: ifnonnull
  Reason:
    Expected stackmap frame at this location.
  Bytecode:
    0x0000000: b200 1859 c700 0757 b800 2204 324e 100a
    0x0000010: 2d03 0454 ac                           
" type="java.lang.VerifyError">java.lang.VerifyError: Expecting a stackmap frame at branch target 11
Exception Details:
  Location:
    A.k(J)I @4: ifnonnull
  Reason:
    Expected stackmap frame at this location.
  Bytecode:
    0x0000000: b200 1859 c700 0757 b800 2204 324e 100a
    0x0000010: 2d03 0454 ac                           

	at RandoopTest0.test36(RandoopTest0.java:1336)
</error>
  </testcase>
  <testcase classname="RandoopTest0" name="test37" time="0.0">
    <error message="Expecting a stackmap frame at branch target 11
Exception Details:
  Location:
    A.k(J)I @4: ifnonnull
  Reason:
    Expected stackmap frame at this location.
  Bytecode:
    0x0000000: b200 1859 c700 0757 b800 2204 324e 100a
    0x0000010: 2d03 0454 ac                           
" type="java.lang.VerifyError">java.lang.VerifyError: Expecting a stackmap frame at branch target 11
Exception Details:
  Location:
    A.k(J)I @4: ifnonnull
  Reason:
    Expected stackmap frame at this location.
  Bytecode:
    0x0000000: b200 1859 c700 0757 b800 2204 324e 100a
    0x0000010: 2d03 0454 ac                           

	at RandoopTest0.test37(RandoopTest0.java:1369)
</error>
  </testcase>
  <testcase classname="RandoopTest0" name="test38" time="0.001">
    <error message="Expecting a stackmap frame at branch target 11
Exception Details:
  Location:
    A.k(J)I @4: ifnonnull
  Reason:
    Expected stackmap frame at this location.
  Bytecode:
    0x0000000: b200 1859 c700 0757 b800 2204 324e 100a
    0x0000010: 2d03 0454 ac                           
" type="java.lang.VerifyError">java.lang.VerifyError: Expecting a stackmap frame at branch target 11
Exception Details:
  Location:
    A.k(J)I @4: ifnonnull
  Reason:
    Expected stackmap frame at this location.
  Bytecode:
    0x0000000: b200 1859 c700 0757 b800 2204 324e 100a
    0x0000010: 2d03 0454 ac                           

	at RandoopTest0.test38(RandoopTest0.java:1390)
</error>
  </testcase>
  <testcase classname="RandoopTest0" name="test39" time="0.001">
    <error message="Expecting a stackmap frame at branch target 11
Exception Details:
  Location:
    A.k(J)I @4: ifnonnull
  Reason:
    Expected stackmap frame at this location.
  Bytecode:
    0x0000000: b200 1859 c700 0757 b800 2204 324e 100a
    0x0000010: 2d03 0454 ac                           
" type="java.lang.VerifyError">java.lang.VerifyError: Expecting a stackmap frame at branch target 11
Exception Details:
  Location:
    A.k(J)I @4: ifnonnull
  Reason:
    Expected stackmap frame at this location.
  Bytecode:
    0x0000000: b200 1859 c700 0757 b800 2204 324e 100a
    0x0000010: 2d03 0454 ac                           

	at RandoopTest0.test39(RandoopTest0.java:1427)
</error>
  </testcase>
  <testcase classname="RandoopTest0" name="test40" time="0.0">
    <error message="Expecting a stackmap frame at branch target 11
Exception Details:
  Location:
    A.k(J)I @4: ifnonnull
  Reason:
    Expected stackmap frame at this location.
  Bytecode:
    0x0000000: b200 1859 c700 0757 b800 2204 324e 100a
    0x0000010: 2d03 0454 ac                           
" type="java.lang.VerifyError">java.lang.VerifyError: Expecting a stackmap frame at branch target 11
Exception Details:
  Location:
    A.k(J)I @4: ifnonnull
  Reason:
    Expected stackmap frame at this location.
  Bytecode:
    0x0000000: b200 1859 c700 0757 b800 2204 324e 100a
    0x0000010: 2d03 0454 ac                           

	at RandoopTest0.test40(RandoopTest0.java:1508)
</error>
  </testcase>
  <testcase classname="RandoopTest0" name="test41" time="0.001">
    <error message="Expecting a stackmap frame at branch target 11
Exception Details:
  Location:
    A.k(J)I @4: ifnonnull
  Reason:
    Expected stackmap frame at this location.
  Bytecode:
    0x0000000: b200 1859 c700 0757 b800 2204 324e 100a
    0x0000010: 2d03 0454 ac                           
" type="java.lang.VerifyError">java.lang.VerifyError: Expecting a stackmap frame at branch target 11
Exception Details:
  Location:
    A.k(J)I @4: ifnonnull
  Reason:
    Expected stackmap frame at this location.
  Bytecode:
    0x0000000: b200 1859 c700 0757 b800 2204 324e 100a
    0x0000010: 2d03 0454 ac                           

	at RandoopTest0.test41(RandoopTest0.java:1549)
</error>
  </testcase>
  <testcase classname="RandoopTest0" name="test42" time="0.0">
    <error message="Expecting a stackmap frame at branch target 11
Exception Details:
  Location:
    A.k(J)I @4: ifnonnull
  Reason:
    Expected stackmap frame at this location.
  Bytecode:
    0x0000000: b200 1859 c700 0757 b800 2204 324e 100a
    0x0000010: 2d03 0454 ac                           
" type="java.lang.VerifyError">java.lang.VerifyError: Expecting a stackmap frame at branch target 11
Exception Details:
  Location:
    A.k(J)I @4: ifnonnull
  Reason:
    Expected stackmap frame at this location.
  Bytecode:
    0x0000000: b200 1859 c700 0757 b800 2204 324e 100a
    0x0000010: 2d03 0454 ac                           

	at RandoopTest0.test42(RandoopTest0.java:1602)
</error>
  </testcase>
  <testcase classname="RandoopTest0" name="test43" time="0.001">
    <error message="Expecting a stackmap frame at branch target 11
Exception Details:
  Location:
    A.k(J)I @4: ifnonnull
  Reason:
    Expected stackmap frame at this location.
  Bytecode:
    0x0000000: b200 1859 c700 0757 b800 2204 324e 100a
    0x0000010: 2d03 0454 ac                           
" type="java.lang.VerifyError">java.lang.VerifyError: Expecting a stackmap frame at branch target 11
Exception Details:
  Location:
    A.k(J)I @4: ifnonnull
  Reason:
    Expected stackmap frame at this location.
  Bytecode:
    0x0000000: b200 1859 c700 0757 b800 2204 324e 100a
    0x0000010: 2d03 0454 ac                           

	at RandoopTest0.test43(RandoopTest0.java:1647)
</error>
  </testcase>
  <testcase classname="RandoopTest0" name="test44" time="0.0">
    <error message="Expecting a stackmap frame at branch target 11
Exception Details:
  Location:
    A.k(J)I @4: ifnonnull
  Reason:
    Expected stackmap frame at this location.
  Bytecode:
    0x0000000: b200 1859 c700 0757 b800 2204 324e 100a
    0x0000010: 2d03 0454 ac                           
" type="java.lang.VerifyError">java.lang.VerifyError: Expecting a stackmap frame at branch target 11
Exception Details:
  Location:
    A.k(J)I @4: ifnonnull
  Reason:
    Expected stackmap frame at this location.
  Bytecode:
    0x0000000: b200 1859 c700 0757 b800 2204 324e 100a
    0x0000010: 2d03 0454 ac                           

	at RandoopTest0.test44(RandoopTest0.java:1672)
</error>
  </testcase>
  <testcase classname="RandoopTest0" name="test45" time="0.001">
    <error message="Expecting a stackmap frame at branch target 11
Exception Details:
  Location:
    A.k(J)I @4: ifnonnull
  Reason:
    Expected stackmap frame at this location.
  Bytecode:
    0x0000000: b200 1859 c700 0757 b800 2204 324e 100a
    0x0000010: 2d03 0454 ac                           
" type="java.lang.VerifyError">java.lang.VerifyError: Expecting a stackmap frame at branch target 11
Exception Details:
  Location:
    A.k(J)I @4: ifnonnull
  Reason:
    Expected stackmap frame at this location.
  Bytecode:
    0x0000000: b200 1859 c700 0757 b800 2204 324e 100a
    0x0000010: 2d03 0454 ac                           

	at RandoopTest0.test45(RandoopTest0.java:1705)
</error>
  </testcase>
  <testcase classname="RandoopTest0" name="test46" time="0.0">
    <error message="Expecting a stackmap frame at branch target 11
Exception Details:
  Location:
    A.k(J)I @4: ifnonnull
  Reason:
    Expected stackmap frame at this location.
  Bytecode:
    0x0000000: b200 1859 c700 0757 b800 2204 324e 100a
    0x0000010: 2d03 0454 ac                           
" type="java.lang.VerifyError">java.lang.VerifyError: Expecting a stackmap frame at branch target 11
Exception Details:
  Location:
    A.k(J)I @4: ifnonnull
  Reason:
    Expected stackmap frame at this location.
  Bytecode:
    0x0000000: b200 1859 c700 0757 b800 2204 324e 100a
    0x0000010: 2d03 0454 ac                           

	at RandoopTest0.test46(RandoopTest0.java:1770)
</error>
  </testcase>
  <testcase classname="RandoopTest0" name="test47" time="0.0">
    <error message="Expecting a stackmap frame at branch target 11
Exception Details:
  Location:
    A.k(J)I @4: ifnonnull
  Reason:
    Expected stackmap frame at this location.
  Bytecode:
    0x0000000: b200 1859 c700 0757 b800 2204 324e 100a
    0x0000010: 2d03 0454 ac                           
" type="java.lang.VerifyError">java.lang.VerifyError: Expecting a stackmap frame at branch target 11
Exception Details:
  Location:
    A.k(J)I @4: ifnonnull
  Reason:
    Expected stackmap frame at this location.
  Bytecode:
    0x0000000: b200 1859 c700 0757 b800 2204 324e 100a
    0x0000010: 2d03 0454 ac                           

	at RandoopTest0.test47(RandoopTest0.java:1827)
</error>
  </testcase>
[...]
    Expected stackmap frame at this location.
  Bytecode:
    0x0000000: b200 1859 c700 0757 b800 2204 324e 100a
    0x0000010: 2d03 0454 ac                           
" type="java.lang.VerifyError">java.lang.VerifyError: Expecting a stackmap frame at branch target 11
Exception Details:
  Location:
    A.k(J)I @4: ifnonnull
  Reason:
    Expected stackmap frame at this location.
  Bytecode:
    0x0000000: b200 1859 c700 0757 b800 2204 324e 100a
    0x0000010: 2d03 0454 ac                           

	at RandoopTest1.test38(RandoopTest1.java:1706)
</error>
  </testcase>
  <testcase classname="RandoopTest1" name="test39" time="0.0">
    <error message="Expecting a stackmap frame at branch target 11
Exception Details:
  Location:
    A.k(J)I @4: ifnonnull
  Reason:
    Expected stackmap frame at this location.
  Bytecode:
    0x0000000: b200 1859 c700 0757 b800 2204 324e 100a
    0x0000010: 2d03 0454 ac                           
" type="java.lang.VerifyError">java.lang.VerifyError: Expecting a stackmap frame at branch target 11
Exception Details:
  Location:
    A.k(J)I @4: ifnonnull
  Reason:
    Expected stackmap frame at this location.
  Bytecode:
    0x0000000: b200 1859 c700 0757 b800 2204 324e 100a
    0x0000010: 2d03 0454 ac                           

	at RandoopTest1.test39(RandoopTest1.java:1751)
</error>
  </testcase>
  <testcase classname="RandoopTest1" name="test40" time="0.001">
    <error message="Expecting a stackmap frame at branch target 11
Exception Details:
  Location:
    A.k(J)I @4: ifnonnull
  Reason:
    Expected stackmap frame at this location.
  Bytecode:
    0x0000000: b200 1859 c700 0757 b800 2204 324e 100a
    0x0000010: 2d03 0454 ac                           
" type="java.lang.VerifyError">java.lang.VerifyError: Expecting a stackmap frame at branch target 11
Exception Details:
  Location:
    A.k(J)I @4: ifnonnull
  Reason:
    Expected stackmap frame at this location.
  Bytecode:
    0x0000000: b200 1859 c700 0757 b800 2204 324e 100a
    0x0000010: 2d03 0454 ac                           

	at RandoopTest1.test40(RandoopTest1.java:1792)
</error>
  </testcase>
  <testcase classname="RandoopTest1" name="test41" time="0.0">
    <error message="Expecting a stackmap frame at branch target 11
Exception Details:
  Location:
    A.k(J)I @4: ifnonnull
  Reason:
    Expected stackmap frame at this location.
  Bytecode:
    0x0000000: b200 1859 c700 0757 b800 2204 324e 100a
    0x0000010: 2d03 0454 ac                           
" type="java.lang.VerifyError">java.lang.VerifyError: Expecting a stackmap frame at branch target 11
Exception Details:
  Location:
    A.k(J)I @4: ifnonnull
  Reason:
    Expected stackmap frame at this location.
  Bytecode:
    0x0000000: b200 1859 c700 0757 b800 2204 324e 100a
    0x0000010: 2d03 0454 ac                           

	at RandoopTest1.test41(RandoopTest1.java:1849)
</error>
  </testcase>
  <testcase classname="RandoopTest1" name="test42" time="0.0">
    <error message="Expecting a stackmap frame at branch target 11
Exception Details:
  Location:
    A.k(J)I @4: ifnonnull
  Reason:
    Expected stackmap frame at this location.
  Bytecode:
    0x0000000: b200 1859 c700 0757 b800 2204 324e 100a
    0x0000010: 2d03 0454 ac                           
" type="java.lang.VerifyError">java.lang.VerifyError: Expecting a stackmap frame at branch target 11
Exception Details:
  Location:
    A.k(J)I @4: ifnonnull
  Reason:
    Expected stackmap frame at this location.
  Bytecode:
    0x0000000: b200 1859 c700 0757 b800 2204 324e 100a
    0x0000010: 2d03 0454 ac                           

	at RandoopTest1.test42(RandoopTest1.java:1898)
</error>
  </testcase>
  <testcase classname="RandoopTest1" name="test43" time="0.0">
    <error message="Expecting a stackmap frame at branch target 11
Exception Details:
  Location:
    A.k(J)I @4: ifnonnull
  Reason:
    Expected stackmap frame at this location.
  Bytecode:
    0x0000000: b200 1859 c700 0757 b800 2204 324e 100a
    0x0000010: 2d03 0454 ac                           
" type="java.lang.VerifyError">java.lang.VerifyError: Expecting a stackmap frame at branch target 11
Exception Details:
  Location:
    A.k(J)I @4: ifnonnull
  Reason:
    Expected stackmap frame at this location.
  Bytecode:
    0x0000000: b200 1859 c700 0757 b800 2204 324e 100a
    0x0000010: 2d03 0454 ac                           

	at RandoopTest1.test43(RandoopTest1.java:1935)
</error>
  </testcase>
  <testcase classname="RandoopTest1" name="test44" time="0.006">
    <error message="Expecting a stackmap frame at branch target 11
Exception Details:
  Location:
    A.k(J)I @4: ifnonnull
  Reason:
    Expected stackmap frame at this location.
  Bytecode:
    0x0000000: b200 1859 c700 0757 b800 2204 324e 100a
    0x0000010: 2d03 0454 ac                           
" type="java.lang.VerifyError">java.lang.VerifyError: Expecting a stackmap frame at branch target 11
Exception Details:
  Location:
    A.k(J)I @4: ifnonnull
  Reason:
    Expected stackmap frame at this location.
  Bytecode:
    0x0000000: b200 1859 c700 0757 b800 2204 324e 100a
    0x0000010: 2d03 0454 ac                           

	at RandoopTest1.test44(RandoopTest1.java:1972)
</error>
  </testcase>
  <testcase classname="RandoopTest1" name="test45" time="0.001">
    <error message="Expecting a stackmap frame at branch target 11
Exception Details:
  Location:
    A.k(J)I @4: ifnonnull
  Reason:
    Expected stackmap frame at this location.
  Bytecode:
    0x0000000: b200 1859 c700 0757 b800 2204 324e 100a
    0x0000010: 2d03 0454 ac                           
" type="java.lang.VerifyError">java.lang.VerifyError: Expecting a stackmap frame at branch target 11
Exception Details:
  Location:
    A.k(J)I @4: ifnonnull
  Reason:
    Expected stackmap frame at this location.
  Bytecode:
    0x0000000: b200 1859 c700 0757 b800 2204 324e 100a
    0x0000010: 2d03 0454 ac                           

	at RandoopTest1.test45(RandoopTest1.java:2005)
</error>
  </testcase>
  <testcase classname="RandoopTest1" name="test46" time="0.0">
    <error message="Expecting a stackmap frame at branch target 11
Exception Details:
  Location:
    A.k(J)I @4: ifnonnull
  Reason:
    Expected stackmap frame at this location.
  Bytecode:
    0x0000000: b200 1859 c700 0757 b800 2204 324e 100a
    0x0000010: 2d03 0454 ac                           
" type="java.lang.VerifyError">java.lang.VerifyError: Expecting a stackmap frame at branch target 11
Exception Details:
  Location:
    A.k(J)I @4: ifnonnull
  Reason:
    Expected stackmap frame at this location.
  Bytecode:
    0x0000000: b200 1859 c700 0757 b800 2204 324e 100a
    0x0000010: 2d03 0454 ac                           

	at RandoopTest1.test46(RandoopTest1.java:2042)
</error>
  </testcase>
  <testcase classname="RandoopTest1" name="test47" time="0.0">
    <error message="Expecting a stackmap frame at branch target 11
Exception Details:
  Location:
    A.k(J)I @4: ifnonnull
  Reason:
    Expected stackmap frame at this location.
  Bytecode:
    0x0000000: b200 1859 c700 0757 b800 2204 324e 100a
    0x0000010: 2d03 0454 ac                           
" type="java.lang.VerifyError">java.lang.VerifyError: Expecting a stackmap frame at branch target 11
Exception Details:
  Location:
    A.k(J)I @4: ifnonnull
  Reason:
    Expected stackmap frame at this location.
  Bytecode:
    0x0000000: b200 1859 c700 0757 b800 2204 324e 100a
    0x0000010: 2d03 0454 ac                           

	at RandoopTest1.test47(RandoopTest1.java:2079)
</error>
  </testcase>
  <testcase classname="RandoopTest1" name="test48" time="0.0">
    <error message="Expecting a stackmap frame at branch target 11
Exception Details:
  Location:
    A.k(J)I @4: ifnonnull
  Reason:
    Expected stackmap frame at this location.
  Bytecode:
    0x0000000: b200 1859 c700 0757 b800 2204 324e 100a
    0x0000010: 2d03 0454 ac                           
" type="java.lang.VerifyError">java.lang.VerifyError: Expecting a stackmap frame at branch target 11
Exception Details:
  Location:
    A.k(J)I @4: ifnonnull
  Reason:
    Expected stackmap frame at this location.
  Bytecode:
    0x0000000: b200 1859 c700 0757 b800 2204 324e 100a
    0x0000010: 2d03 0454 ac                           

	at RandoopTest1.test48(RandoopTest1.java:2120)
</error>
  </testcase>
  <testcase classname="RandoopTest1" name="test49" time="0.001">
    <error message="Expecting a stackmap frame at branch target 11
Exception Details:
  Location:
    A.k(J)I @4: ifnonnull
  Reason:
    Expected stackmap frame at this location.
  Bytecode:
    0x0000000: b200 1859 c700 0757 b800 2204 324e 100a
    0x0000010: 2d03 0454 ac                           
" type="java.lang.VerifyError">java.lang.VerifyError: Expecting a stackmap frame at branch target 11
Exception Details:
  Location:
    A.k(J)I @4: ifnonnull
  Reason:
    Expected stackmap frame at this location.
  Bytecode:
    0x0000000: b200 1859 c700 0757 b800 2204 324e 100a
    0x0000010: 2d03 0454 ac                           

	at RandoopTest1.test49(RandoopTest1.java:2173)
</error>
  </testcase>
  <testcase classname="RandoopTest1" name="test50" time="0.0">
    <error message="Expecting a stackmap frame at branch target 11
Exception Details:
  Location:
    A.k(J)I @4: ifnonnull
  Reason:
    Expected stackmap frame at this location.
  Bytecode:
    0x0000000: b200 1859 c700 0757 b800 2204 324e 100a
    0x0000010: 2d03 0454 ac                           
" type="java.lang.VerifyError">java.lang.VerifyError: Expecting a stackmap frame at branch target 11
Exception Details:
  Location:
    A.k(J)I @4: ifnonnull
  Reason:
    Expected stackmap frame at this location.
  Bytecode:
    0x0000000: b200 1859 c700 0757 b800 2204 324e 100a
    0x0000010: 2d03 0454 ac                           

	at RandoopTest1.test50(RandoopTest1.java:2238)
</error>
  </testcase>
  <testcase classname="RandoopTest1" name="test51" time="0.0">
    <error message="Expecting a stackmap frame at branch target 11
Exception Details:
  Location:
    A.k(J)I @4: ifnonnull
  Reason:
    Expected stackmap frame at this location.
  Bytecode:
    0x0000000: b200 1859 c700 0757 b800 2204 324e 100a
    0x0000010: 2d03 0454 ac                           
" type="java.lang.VerifyError">java.lang.VerifyError: Expecting a stackmap frame at branch target 11
Exception Details:
  Location:
    A.k(J)I @4: ifnonnull
  Reason:
    Expected stackmap frame at this location.
  Bytecode:
    0x0000000: b200 1859 c700 0757 b800 2204 324e 100a
    0x0000010: 2d03 0454 ac                           

	at RandoopTest1.test51(RandoopTest1.java:2315)
</error>
  </testcase>
  <testcase classname="RandoopTest1" name="test52" time="0.0">
    <error message="Expecting a stackmap frame at branch target 11
Exception Details:
  Location:
    A.k(J)I @4: ifnonnull
  Reason:
    Expected stackmap frame at this location.
  Bytecode:
    0x0000000: b200 1859 c700 0757 b800 2204 324e 100a
    0x0000010: 2d03 0454 ac                           
" type="java.lang.VerifyError">java.lang.VerifyError: Expecting a stackmap frame at branch target 11
Exception Details:
  Location:
    A.k(J)I @4: ifnonnull
  Reason:
    Expected stackmap frame at this location.
  Bytecode:
    0x0000000: b200 1859 c700 0757 b800 2204 324e 100a
    0x0000010: 2d03 0454 ac                           

	at RandoopTest1.test52(RandoopTest1.java:2352)
</error>
  </testcase>
  <testcase classname="RandoopTest1" name="test53" time="0.0">
    <error message="Expecting a stackmap frame at branch target 11
Exception Details:
  Location:
    A.k(J)I @4: ifnonnull
  Reason:
    Expected stackmap frame at this location.
  Bytecode:
    0x0000000: b200 1859 c700 0757 b800 2204 324e 100a
    0x0000010: 2d03 0454 ac                           
" type="java.lang.VerifyError">java.lang.VerifyError: Expecting a stackmap frame at branch target 11
Exception Details:
  Location:
    A.k(J)I @4: ifnonnull
  Reason:
    Expected stackmap frame at this location.
  Bytecode:
    0x0000000: b200 1859 c700 0757 b800 2204 324e 100a
    0x0000010: 2d03 0454 ac                           

	at RandoopTest1.test53(RandoopTest1.java:2385)
</error>
  </testcase>
  <testcase classname="RandoopTest1" name="test54" time="0.0">
    <error message="Expecting a stackmap frame at branch target 11
Exception Details:
  Location:
    A.k(J)I @4: ifnonnull
  Reason:
    Expected stackmap frame at this location.
  Bytecode:
    0x0000000: b200 1859 c700 0757 b800 2204 324e 100a
    0x0000010: 2d03 0454 ac                           
" type="java.lang.VerifyError">java.lang.VerifyError: Expecting a stackmap frame at branch target 11
Exception Details:
  Location:
    A.k(J)I @4: ifnonnull
  Reason:
    Expected stackmap frame at this location.
  Bytecode:
    0x0000000: b200 1859 c700 0757 b800 2204 324e 100a
    0x0000010: 2d03 0454 ac                           

	at RandoopTest1.test54(RandoopTest1.java:2422)
</error>
  </testcase>
  <testcase classname="RandoopTest1" name="test55" time="0.0">
    <error message="Expecting a stackmap frame at branch target 11
Exception Details:
  Location:
    A.k(J)I @4: ifnonnull
  Reason:
    Expected stackmap frame at this location.
  Bytecode:
    0x0000000: b200 1859 c700 0757 b800 2204 324e 100a
    0x0000010: 2d03 0454 ac                           
" type="java.lang.VerifyError">java.lang.VerifyError: Expecting a stackmap frame at branch target 11
Exception Details:
  Location:
    A.k(J)I @4: ifnonnull
  Reason:
    Expected stackmap frame at this location.
  Bytecode:
    0x0000000: b200 1859 c700 0757 b800 2204 324e 100a
    0x0000010: 2d03 0454 ac                           

	at RandoopTest1.test55(RandoopTest1.java:2471)
</error>
  </testcase>
  <testcase classname="RandoopTest1" name="test56" time="0.0">
    <error message="Expecting a stackmap frame at branch target 11
Exception Details:
  Location:
    A.k(J)I @4: ifnonnull
  Reason:
    Expected stackmap frame at this location.
  Bytecode:
    0x0000000: b200 1859 c700 0757 b800 2204 324e 100a
    0x0000010: 2d03 0454 ac                           
" type="java.lang.VerifyError">java.lang.VerifyError: Expecting a stackmap frame at branch target 11
Exception Details:
  Location:
    A.k(J)I @4: ifnonnull
  Reason:
    Expected stackmap frame at this location.
  Bytecode:
    0x0000000: b200 1859 c700 0757 b800 2204 324e 100a
    0x0000010: 2d03 0454 ac                           

	at RandoopTest1.test56(RandoopTest1.java:2520)
</error>
  </testcase>
  <testcase classname="RandoopTest1" name="test57" time="0.001">
    <error message="Expecting a stackmap frame at branch target 11
Exception Details:
  Location:
    A.k(J)I @4: ifnonnull
  Reason:
    Expected stackmap frame at this location.
  Bytecode:
    0x0000000: b200 1859 c700 0757 b800 2204 324e 100a
    0x0000010: 2d03 0454 ac                           
" type="java.lang.VerifyError">java.lang.VerifyError: Expecting a stackmap frame at branch target 11
Exception Details:
  Location:
    A.k(J)I @4: ifnonnull
  Reason:
    Expected stackmap frame at this location.
  Bytecode:
    0x0000000: b200 1859 c700 0757 b800 2204 324e 100a
    0x0000010: 2d03 0454 ac                           

	at RandoopTest1.test57(RandoopTest1.java:2577)
</error>
  </testcase>
  <testcase classname="RandoopTest1" name="test58" time="0.0">
    <error message="Expecting a stackmap frame at branch target 11
Exception Details:
  Location:
    A.k(J)I @4: ifnonnull
  Reason:
    Expected stackmap frame at this location.
  Bytecode:
    0x0000000: b200 1859 c700 0757 b800 2204 324e 100a
    0x0000010: 2d03 0454 ac                           
" type="java.lang.VerifyError">java.lang.VerifyError: Expecting a stackmap frame at branch target 11
Exception Details:
  Location:
    A.k(J)I @4: ifnonnull
  Reason:
    Expected stackmap frame at this location.
  Bytecode:
    0x0000000: b200 1859 c700 0757 b800 2204 324e 100a
    0x0000010: 2d03 0454 ac                           

	at RandoopTest1.test58(RandoopTest1.java:2594)
</error>
  </testcase>
  <testcase classname="RandoopTest1" name="test118" time="0.0">
    <error message="Expecting a stackmap frame at branch target 11
Exception Details:
  Location:
    A.k(J)I @4: ifnonnull
  Reason:
    Expected stackmap frame at this location.
  Bytecode:
    0x0000000: b200 1859 c700 0757 b800 2204 324e 100a
    0x0000010: 2d03 0454 ac                           
" type="java.lang.VerifyError">java.lang.VerifyError: Expecting a stackmap frame at branch target 11
Exception Details:
  Location:
    A.k(J)I @4: ifnonnull
  Reason:
    Expected stackmap frame at this location.
  Bytecode:
    0x0000000: b200 1859 c700 0757 b800 2204 324e 100a
    0x0000010: 2d03 0454 ac                           

	at RandoopTest1.test118(RandoopTest1.java:5454)
</error>
  </testcase>
  <testcase classname="RandoopTest1" name="test119" time="0.0">
    <error message="Expecting a stackmap frame at branch target 11
Exception Details:
  Location:
    A.k(J)I @4: ifnonnull
  Reason:
    Expected stackmap frame at this location.
  Bytecode:
    0x0000000: b200 1859 c700 0757 b800 2204 324e 100a
    0x0000010: 2d03 0454 ac                           
" type="java.lang.VerifyError">java.lang.VerifyError: Expecting a stackmap frame at branch target 11
Exception Details:
  Location:
    A.k(J)I @4: ifnonnull
  Reason:
    Expected stackmap frame at this location.
  Bytecode:
    0x0000000: b200 1859 c700 0757 b800 2204 324e 100a
    0x0000010: 2d03 0454 ac                           

	at RandoopTest1.test119(RandoopTest1.java:5495)
</error>
  </testcase>
  <testcase classname="RandoopTest1" name="test1" time="0.0">
    <error message="Expecting a stackmap frame at branch target 11
Exception Details:
  Location:
    A.k(J)I @4: ifnonnull
  Reason:
    Expected stackmap frame at this location.
  Bytecode:
    0x0000000: b200 1859 c700 0757 b800 2204 324e 100a
    0x0000010: 2d03 0454 ac                           
" type="java.lang.VerifyError">java.lang.VerifyError: Expecting a stackmap frame at branch target 11
Exception Details:
  Location:
    A.k(J)I @4: ifnonnull
  Reason:
    Expected stackmap frame at this location.
  Bytecode:
    0x0000000: b200 1859 c700 0757 b800 2204 324e 100a
    0x0000010: 2d03 0454 ac                           

	at RandoopTest1.test1(RandoopTest1.java:13)
</error>
  </testcase>
  <testcase classname="RandoopTest1" name="test2" time="0.0">
    <error message="Expecting a stackmap frame at branch target 11
Exception Details:
  Location:
    A.k(J)I @4: ifnonnull
  Reason:
    Expected stackmap frame at this location.
  Bytecode:
    0x0000000: b200 1859 c700 0757 b800 2204 324e 100a
    0x0000010: 2d03 0454 ac                           
" type="java.lang.VerifyError">java.lang.VerifyError: Expecting a stackmap frame at branch target 11
Exception Details:
  Location:
    A.k(J)I @4: ifnonnull
  Reason:
    Expected stackmap frame at this location.
  Bytecode:
    0x0000000: b200 1859 c700 0757 b800 2204 324e 100a
    0x0000010: 2d03 0454 ac                           

	at RandoopTest1.test2(RandoopTest1.java:42)
</error>
  </testcase>
  <testcase classname="RandoopTest1" name="test3" time="0.0">
    <error message="Expecting a stackmap frame at branch target 11
Exception Details:
  Location:
    A.k(J)I @4: ifnonnull
  Reason:
    Expected stackmap frame at this location.
  Bytecode:
    0x0000000: b200 1859 c700 0757 b800 2204 324e 100a
    0x0000010: 2d03 0454 ac                           
" type="java.lang.VerifyError">java.lang.VerifyError: Expecting a stackmap frame at branch target 11
Exception Details:
  Location:
    A.k(J)I @4: ifnonnull
  Reason:
    Expected stackmap frame at this location.
  Bytecode:
    0x0000000: b200 1859 c700 0757 b800 2204 324e 100a
    0x0000010: 2d03 0454 ac                           

	at RandoopTest1.test3(RandoopTest1.java:63)
</error>
  </testcase>
  <system-out><![CDATA[]]></system-out>
  <system-err><![CDATA[]]></system-err>
</testsuite>
